# JRE version: OpenJDK Runtime Environment (8.0_181-b13) (build 1.8.0_181-8u181-b13-0ubuntu0.16.04.1-b13)
# Java VM: OpenJDK 64-Bit Server VM (25.181-b13 mixed mode linux-amd64 compressed oops)
Heap:
 PSYoungGen      total 139776K, used 47217K [0x00000000d7000000, 0x00000000e8280000, 0x0000000100000000)
  eden space 4608K, 0% used [0x00000000d7000000,0x00000000d7000000,0x00000000d7480000)
  from space 135168K, 34% used [0x00000000dfe80000,0x00000000e2c9c660,0x00000000e8280000)
  to   space 138240K, 0% used [0x00000000d7480000,0x00000000d7480000,0x00000000dfb80000)
 ParOldGen       total 881664K, used 881519K [0x0000000085000000, 0x00000000bad00000, 0x00000000d7000000)
  object space 881664K, 99% used [0x0000000085000000,0x00000000bacdbdf8,0x00000000bad00000)
 Metaspace       used 16760K, capacity 17028K, committed 17280K, reserved 1064960K
  class space    used 1780K, capacity 1845K, committed 1920K, reserved 1048576K
GC Heap History (10 events):
Event: 41,319 GC heap after
Heap after GC invocations=75 (full 5):
 PSYoungGen      total 123392K, used 81152K [0x00000000d7000000, 0x00000000e6700000, 0x0000000100000000)
  eden space 12288K, 0% used [0x00000000d7000000,0x00000000d7000000,0x00000000d7c00000)
  from space 111104K, 73% used [0x00000000dee80000,0x00000000e3dc0000,0x00000000e5b00000)
  to   space 117248K, 0% used [0x00000000d7c00000,0x00000000d7c00000,0x00000000dee80000)
 ParOldGen       total 881664K, used 824236K [0x0000000085000000, 0x00000000bad00000, 0x00000000d7000000)
  object space 881664K, 93% used [0x0000000085000000,0x00000000b74eb190,0x00000000bad00000)
 Metaspace       used 16744K, capacity 16964K, committed 17280K, reserved 1064960K
  class space    used 1780K, capacity 1845K, committed 1920K, reserved 1048576K
}
Event: 41,707 GC heap before
{Heap before GC invocations=76 (full 5):
 PSYoungGen      total 123392K, used 93440K [0x00000000d7000000, 0x00000000e6700000, 0x0000000100000000)
  eden space 12288K, 100% used [0x00000000d7000000,0x00000000d7c00000,0x00000000d7c00000)
  from space 111104K, 73% used [0x00000000dee80000,0x00000000e3dc0000,0x00000000e5b00000)
  to   space 117248K, 0% used [0x00000000d7c00000,0x00000000d7c00000,0x00000000dee80000)
 ParOldGen       total 881664K, used 824236K [0x0000000085000000, 0x00000000bad00000, 0x00000000d7000000)
  object space 881664K, 93% used [0x0000000085000000,0x00000000b74eb190,0x00000000bad00000)
 Metaspace       used 16744K, capacity 16964K, committed 17280K, reserved 1064960K
  class space    used 1780K, capacity 1845K, committed 1920K, reserved 1048576K
Event: 41,744 GC heap after
Heap after GC invocations=76 (full 5):
 PSYoungGen      total 129536K, used 91040K [0x00000000d7000000, 0x00000000e7380000, 0x0000000100000000)
  eden space 12288K, 0% used [0x00000000d7000000,0x00000000d7000000,0x00000000d7c00000)
  from space 117248K, 77% used [0x00000000d7c00000,0x00000000dd4e8000,0x00000000dee80000)
  to   space 125952K, 0% used [0x00000000df880000,0x00000000df880000,0x00000000e7380000)
 ParOldGen       total 881664K, used 824236K [0x0000000085000000, 0x00000000bad00000, 0x00000000d7000000)
  object space 881664K, 93% used [0x0000000085000000,0x00000000b74eb190,0x00000000bad00000)
 Metaspace       used 16744K, capacity 16964K, committed 17280K, reserved 1064960K
  class space    used 1780K, capacity 1845K, committed 1920K, reserved 1048576K
}
Event: 42,132 GC heap before
{Heap before GC invocations=77 (full 5):
 PSYoungGen      total 129536K, used 103328K [0x00000000d7000000, 0x00000000e7380000, 0x0000000100000000)
  eden space 12288K, 100% used [0x00000000d7000000,0x00000000d7c00000,0x00000000d7c00000)
  from space 117248K, 77% used [0x00000000d7c00000,0x00000000dd4e8000,0x00000000dee80000)
  to   space 125952K, 0% used [0x00000000df880000,0x00000000df880000,0x00000000e7380000)
 ParOldGen       total 881664K, used 824236K [0x0000000085000000, 0x00000000bad00000, 0x00000000d7000000)
  object space 881664K, 93% used [0x0000000085000000,0x00000000b74eb190,0x00000000bad00000)
 Metaspace       used 16750K, capacity 16964K, committed 17280K, reserved 1064960K
  class space    used 1780K, capacity 1845K, committed 1920K, reserved 1048576K
Event: 42,175 GC heap after
Heap after GC invocations=77 (full 5):
 PSYoungGen      total 129536K, used 100960K [0x00000000d7000000, 0x00000000e8780000, 0x0000000100000000)
  eden space 3584K, 0% used [0x00000000d7000000,0x00000000d7000000,0x00000000d7380000)
  from space 125952K, 80% used [0x00000000df880000,0x00000000e5b18000,0x00000000e7380000)
  to   space 136192K, 0% used [0x00000000d7380000,0x00000000d7380000,0x00000000df880000)
 ParOldGen       total 881664K, used 824236K [0x0000000085000000, 0x00000000bad00000, 0x00000000d7000000)
  object space 881664K, 93% used [0x0000000085000000,0x00000000b74eb190,0x00000000bad00000)
 Metaspace       used 16750K, capacity 16964K, committed 17280K, reserved 1064960K
  class space    used 1780K, capacity 1845K, committed 1920K, reserved 1048576K
}
Event: 42,290 GC heap before
{Heap before GC invocations=78 (full 5):
 PSYoungGen      total 129536K, used 104544K [0x00000000d7000000, 0x00000000e8780000, 0x0000000100000000)
  eden space 3584K, 100% used [0x00000000d7000000,0x00000000d7380000,0x00000000d7380000)
  from space 125952K, 80% used [0x00000000df880000,0x00000000e5b18000,0x00000000e7380000)
  to   space 136192K, 0% used [0x00000000d7380000,0x00000000d7380000,0x00000000df880000)
 ParOldGen       total 881664K, used 824236K [0x0000000085000000, 0x00000000bad00000, 0x00000000d7000000)
  object space 881664K, 93% used [0x0000000085000000,0x00000000b74eb190,0x00000000bad00000)
 Metaspace       used 16760K, capacity 17028K, committed 17280K, reserved 1064960K
  class space    used 1780K, capacity 1845K, committed 1920K, reserved 1048576K
Event: 42,331 GC heap after
Heap after GC invocations=78 (full 5):
 PSYoungGen      total 139776K, used 94240K [0x00000000d7000000, 0x00000000e8880000, 0x0000000100000000)
  eden space 3584K, 0% used [0x00000000d7000000,0x00000000d7000000,0x00000000d7380000)
  from space 136192K, 69% used [0x00000000d7380000,0x00000000dcf88000,0x00000000df880000)
  to   space 141312K, 0% used [0x00000000dfe80000,0x00000000dfe80000,0x00000000e8880000)
 ParOldGen       total 881664K, used 833844K [0x0000000085000000, 0x00000000bad00000, 0x00000000d7000000)
  object space 881664K, 94% used [0x0000000085000000,0x00000000b7e4d190,0x00000000bad00000)
 Metaspace       used 16760K, capacity 17028K, committed 17280K, reserved 1064960K
  class space    used 1780K, capacity 1845K, committed 1920K, reserved 1048576K
}
Event: 42,439 GC heap before
{Heap before GC invocations=79 (full 5):
 PSYoungGen      total 139776K, used 97824K [0x00000000d7000000, 0x00000000e8880000, 0x0000000100000000)
  eden space 3584K, 100% used [0x00000000d7000000,0x00000000d7380000,0x00000000d7380000)
  from space 136192K, 69% used [0x00000000d7380000,0x00000000dcf88000,0x00000000df880000)
  to   space 141312K, 0% used [0x00000000dfe80000,0x00000000dfe80000,0x00000000e8880000)
 ParOldGen       total 881664K, used 833844K [0x0000000085000000, 0x00000000bad00000, 0x00000000d7000000)
  object space 881664K, 94% used [0x0000000085000000,0x00000000b7e4d190,0x00000000bad00000)
 Metaspace       used 16760K, capacity 17028K, committed 17280K, reserved 1064960K
  class space    used 1780K, capacity 1845K, committed 1920K, reserved 1048576K
Event: 42,478 GC heap after
Heap after GC invocations=79 (full 5):
 PSYoungGen      total 139776K, used 75520K [0x00000000d7000000, 0x00000000e8280000, 0x0000000100000000)
  eden space 4608K, 0% used [0x00000000d7000000,0x00000000d7000000,0x00000000d7480000)
  from space 135168K, 55% used [0x00000000dfe80000,0x00000000e4840000,0x00000000e8280000)
  to   space 138240K, 0% used [0x00000000d7480000,0x00000000d7480000,0x00000000dfb80000)
 ParOldGen       total 881664K, used 855668K [0x0000000085000000, 0x00000000bad00000, 0x00000000d7000000)
  object space 881664K, 97% used [0x0000000085000000,0x00000000b939d190,0x00000000bad00000)
 Metaspace       used 16760K, capacity 17028K, committed 17280K, reserved 1064960K
  class space    used 1780K, capacity 1845K, committed 1920K, reserved 1048576K
}
Event: 42,478 GC heap before
{Heap before GC invocations=80 (full 6):
 PSYoungGen      total 139776K, used 75520K [0x00000000d7000000, 0x00000000e8280000, 0x0000000100000000)
  eden space 4608K, 0% used [0x00000000d7000000,0x00000000d7000000,0x00000000d7480000)
  from space 135168K, 55% used [0x00000000dfe80000,0x00000000e4840000,0x00000000e8280000)
  to   space 138240K, 0% used [0x00000000d7480000,0x00000000d7480000,0x00000000dfb80000)
 ParOldGen       total 881664K, used 855668K [0x0000000085000000, 0x00000000bad00000, 0x00000000d7000000)
  object space 881664K, 97% used [0x0000000085000000,0x00000000b939d190,0x00000000bad00000)
 Metaspace       used 16760K, capacity 17028K, committed 17280K, reserved 1064960K
  class space    used 1780K, capacity 1845K, committed 1920K, reserved 1048576K

