# JRE version: OpenJDK Runtime Environment (8.0_181-b13) (build 1.8.0_181-8u181-b13-0ubuntu0.16.04.1-b13)
# Java VM: OpenJDK 64-Bit Server VM (25.181-b13 mixed mode linux-amd64 compressed oops)
Heap:
 PSYoungGen      total 64512K, used 0K [0x00000000d7000000, 0x00000000de700000, 0x0000000100000000)
  eden space 6144K, 0% used [0x00000000d7000000,0x00000000d7000000,0x00000000d7600000)
  from space 58368K, 0% used [0x00000000d7600000,0x00000000d7600000,0x00000000daf00000)
  to   space 57344K, 0% used [0x00000000daf00000,0x00000000daf00000,0x00000000de700000)
 ParOldGen       total 1108992K, used 1091702K [0x0000000085000000, 0x00000000c8b00000, 0x00000000d7000000)
  object space 1108992K, 98% used [0x0000000085000000,0x00000000c7a1d968,0x00000000c8b00000)
 Metaspace       used 16466K, capacity 16658K, committed 16896K, reserved 1064960K
  class space    used 1710K, capacity 1782K, committed 1792K, reserved 1048576K
GC Heap History (10 events):
Event: 51,891 GC heap after
Heap after GC invocations=149 (full 6):
 PSYoungGen      total 25088K, used 20896K [0x00000000d7000000, 0x00000000ded00000, 0x0000000100000000)
  eden space 4096K, 0% used [0x00000000d7000000,0x00000000d7000000,0x00000000d7400000)
  from space 20992K, 99% used [0x00000000d7400000,0x00000000d8868000,0x00000000d8880000)
  to   space 61440K, 0% used [0x00000000db100000,0x00000000db100000,0x00000000ded00000)
 ParOldGen       total 1108992K, used 1060589K [0x0000000085000000, 0x00000000c8b00000, 0x00000000d7000000)
  object space 1108992K, 95% used [0x0000000085000000,0x00000000c5bbb5d0,0x00000000c8b00000)
 Metaspace       used 16466K, capacity 16658K, committed 16896K, reserved 1064960K
  class space    used 1710K, capacity 1782K, committed 1792K, reserved 1048576K
}
Event: 52,038 GC heap before
{Heap before GC invocations=150 (full 6):
 PSYoungGen      total 25088K, used 24992K [0x00000000d7000000, 0x00000000ded00000, 0x0000000100000000)
  eden space 4096K, 100% used [0x00000000d7000000,0x00000000d7400000,0x00000000d7400000)
  from space 20992K, 99% used [0x00000000d7400000,0x00000000d8868000,0x00000000d8880000)
  to   space 61440K, 0% used [0x00000000db100000,0x00000000db100000,0x00000000ded00000)
 ParOldGen       total 1108992K, used 1060589K [0x0000000085000000, 0x00000000c8b00000, 0x00000000d7000000)
  object space 1108992K, 95% used [0x0000000085000000,0x00000000c5bbb5d0,0x00000000c8b00000)
 Metaspace       used 16466K, capacity 16658K, committed 16896K, reserved 1064960K
  class space    used 1710K, capacity 1782K, committed 1792K, reserved 1048576K
Event: 52,055 GC heap after
Heap after GC invocations=150 (full 6):
 PSYoungGen      total 64512K, used 11712K [0x00000000d7000000, 0x00000000deb00000, 0x0000000100000000)
  eden space 5120K, 0% used [0x00000000d7000000,0x00000000d7000000,0x00000000d7500000)
  from space 59392K, 19% used [0x00000000db100000,0x00000000dbc70000,0x00000000deb00000)
  to   space 60416K, 0% used [0x00000000d7500000,0x00000000d7500000,0x00000000db000000)
 ParOldGen       total 1108992K, used 1073197K [0x0000000085000000, 0x00000000c8b00000, 0x00000000d7000000)
  object space 1108992K, 96% used [0x0000000085000000,0x00000000c680b5d0,0x00000000c8b00000)
 Metaspace       used 16466K, capacity 16658K, committed 16896K, reserved 1064960K
  class space    used 1710K, capacity 1782K, committed 1792K, reserved 1048576K
}
Event: 52,243 GC heap before
{Heap before GC invocations=151 (full 6):
 PSYoungGen      total 64512K, used 16832K [0x00000000d7000000, 0x00000000deb00000, 0x0000000100000000)
  eden space 5120K, 100% used [0x00000000d7000000,0x00000000d7500000,0x00000000d7500000)
  from space 59392K, 19% used [0x00000000db100000,0x00000000dbc70000,0x00000000deb00000)
  to   space 60416K, 0% used [0x00000000d7500000,0x00000000d7500000,0x00000000db000000)
 ParOldGen       total 1108992K, used 1073197K [0x0000000085000000, 0x00000000c8b00000, 0x00000000d7000000)
  object space 1108992K, 96% used [0x0000000085000000,0x00000000c680b5d0,0x00000000c8b00000)
 Metaspace       used 16466K, capacity 16658K, committed 16896K, reserved 1064960K
  class space    used 1710K, capacity 1782K, committed 1792K, reserved 1048576K
Event: 52,263 GC heap after
Heap after GC invocations=151 (full 6):
 PSYoungGen      total 65536K, used 10880K [0x00000000d7000000, 0x00000000dea00000, 0x0000000100000000)
  eden space 5120K, 0% used [0x00000000d7000000,0x00000000d7000000,0x00000000d7500000)
  from space 60416K, 18% used [0x00000000d7500000,0x00000000d7fa0000,0x00000000db000000)
  to   space 59392K, 0% used [0x00000000db000000,0x00000000db000000,0x00000000dea00000)
 ParOldGen       total 1108992K, used 1078253K [0x0000000085000000, 0x00000000c8b00000, 0x00000000d7000000)
  object space 1108992K, 97% used [0x0000000085000000,0x00000000c6cfb5d0,0x00000000c8b00000)
 Metaspace       used 16466K, capacity 16658K, committed 16896K, reserved 1064960K
  class space    used 1710K, capacity 1782K, committed 1792K, reserved 1048576K
}
Event: 52,447 GC heap before
{Heap before GC invocations=152 (full 6):
 PSYoungGen      total 65536K, used 16000K [0x00000000d7000000, 0x00000000dea00000, 0x0000000100000000)
  eden space 5120K, 100% used [0x00000000d7000000,0x00000000d7500000,0x00000000d7500000)
  from space 60416K, 18% used [0x00000000d7500000,0x00000000d7fa0000,0x00000000db000000)
  to   space 59392K, 0% used [0x00000000db000000,0x00000000db000000,0x00000000dea00000)
 ParOldGen       total 1108992K, used 1078253K [0x0000000085000000, 0x00000000c8b00000, 0x00000000d7000000)
  object space 1108992K, 97% used [0x0000000085000000,0x00000000c6cfb5d0,0x00000000c8b00000)
 Metaspace       used 16466K, capacity 16658K, committed 16896K, reserved 1064960K
  class space    used 1710K, capacity 1782K, committed 1792K, reserved 1048576K
Event: 52,460 GC heap after
Heap after GC invocations=152 (full 6):
 PSYoungGen      total 63488K, used 8384K [0x00000000d7000000, 0x00000000de800000, 0x0000000100000000)
  eden space 6144K, 0% used [0x00000000d7000000,0x00000000d7000000,0x00000000d7600000)
  from space 57344K, 14% used [0x00000000db000000,0x00000000db830000,0x00000000de800000)
  to   space 58368K, 0% used [0x00000000d7600000,0x00000000d7600000,0x00000000daf00000)
 ParOldGen       total 1108992K, used 1084989K [0x0000000085000000, 0x00000000c8b00000, 0x00000000d7000000)
  object space 1108992K, 97% used [0x0000000085000000,0x00000000c738f5d0,0x00000000c8b00000)
 Metaspace       used 16466K, capacity 16658K, committed 16896K, reserved 1064960K
  class space    used 1710K, capacity 1782K, committed 1792K, reserved 1048576K
}
Event: 52,675 GC heap before
{Heap before GC invocations=153 (full 6):
 PSYoungGen      total 63488K, used 14528K [0x00000000d7000000, 0x00000000de800000, 0x0000000100000000)
  eden space 6144K, 100% used [0x00000000d7000000,0x00000000d7600000,0x00000000d7600000)
  from space 57344K, 14% used [0x00000000db000000,0x00000000db830000,0x00000000de800000)
  to   space 58368K, 0% used [0x00000000d7600000,0x00000000d7600000,0x00000000daf00000)
 ParOldGen       total 1108992K, used 1084989K [0x0000000085000000, 0x00000000c8b00000, 0x00000000d7000000)
  object space 1108992K, 97% used [0x0000000085000000,0x00000000c738f5d0,0x00000000c8b00000)
 Metaspace       used 16466K, capacity 16658K, committed 16896K, reserved 1064960K
  class space    used 1710K, capacity 1782K, committed 1792K, reserved 1048576K
Event: 52,692 GC heap after
Heap after GC invocations=153 (full 6):
 PSYoungGen      total 64512K, used 5056K [0x00000000d7000000, 0x00000000de700000, 0x0000000100000000)
  eden space 6144K, 0% used [0x00000000d7000000,0x00000000d7000000,0x00000000d7600000)
  from space 58368K, 8% used [0x00000000d7600000,0x00000000d7af0000,0x00000000daf00000)
  to   space 57344K, 0% used [0x00000000daf00000,0x00000000daf00000,0x00000000de700000)
 ParOldGen       total 1108992K, used 1093389K [0x0000000085000000, 0x00000000c8b00000, 0x00000000d7000000)
  object space 1108992K, 98% used [0x0000000085000000,0x00000000c7bc35d0,0x00000000c8b00000)
 Metaspace       used 16466K, capacity 16658K, committed 16896K, reserved 1064960K
  class space    used 1710K, capacity 1782K, committed 1792K, reserved 1048576K
}
Event: 52,692 GC heap before
{Heap before GC invocations=154 (full 7):
 PSYoungGen      total 64512K, used 5056K [0x00000000d7000000, 0x00000000de700000, 0x0000000100000000)
  eden space 6144K, 0% used [0x00000000d7000000,0x00000000d7000000,0x00000000d7600000)
  from space 58368K, 8% used [0x00000000d7600000,0x00000000d7af0000,0x00000000daf00000)
  to   space 57344K, 0% used [0x00000000daf00000,0x00000000daf00000,0x00000000de700000)
 ParOldGen       total 1108992K, used 1093389K [0x0000000085000000, 0x00000000c8b00000, 0x00000000d7000000)
  object space 1108992K, 98% used [0x0000000085000000,0x00000000c7bc35d0,0x00000000c8b00000)
 Metaspace       used 16466K, capacity 16658K, committed 16896K, reserved 1064960K
  class space    used 1710K, capacity 1782K, committed 1792K, reserved 1048576K

