# JRE version: OpenJDK Runtime Environment (8.0_181-b13) (build 1.8.0_181-8u181-b13-0ubuntu0.16.04.1-b13)
# Java VM: OpenJDK 64-Bit Server VM (25.181-b13 mixed mode linux-amd64 compressed oops)
Heap:
 PSYoungGen      total 80384K, used 4600K [0x00000000d7000000, 0x00000000ed300000, 0x0000000100000000)
  eden space 19456K, 0% used [0x00000000d7000000,0x00000000d7000000,0x00000000d8300000)
  from space 60928K, 7% used [0x00000000d8300000,0x00000000d877e158,0x00000000dbe80000)
  to   space 169472K, 0% used [0x00000000e2d80000,0x00000000e2d80000,0x00000000ed300000)
 ParOldGen       total 439296K, used 438933K [0x0000000085000000, 0x000000009fd00000, 0x00000000d7000000)
  object space 439296K, 99% used [0x0000000085000000,0x000000009fca54e8,0x000000009fd00000)
 Metaspace       used 15054K, capacity 15280K, committed 15616K, reserved 1062912K
  class space    used 1663K, capacity 1741K, committed 1792K, reserved 1048576K
GC Heap History (10 events):
Event: 21,041 GC heap after
Heap after GC invocations=16 (full 3):
 PSYoungGen      total 161280K, used 124768K [0x00000000d7000000, 0x00000000eb700000, 0x0000000100000000)
  eden space 27136K, 0% used [0x00000000d7000000,0x00000000d7000000,0x00000000d8a80000)
  from space 134144K, 93% used [0x00000000d8a80000,0x00000000e0458010,0x00000000e0d80000)
  to   space 150016K, 0% used [0x00000000e2480000,0x00000000e2480000,0x00000000eb700000)
 ParOldGen       total 439296K, used 258730K [0x0000000085000000, 0x000000009fd00000, 0x00000000d7000000)
  object space 439296K, 58% used [0x0000000085000000,0x0000000094caa9a8,0x000000009fd00000)
 Metaspace       used 15054K, capacity 15280K, committed 15616K, reserved 1062912K
  class space    used 1663K, capacity 1741K, committed 1792K, reserved 1048576K
}
Event: 21,897 GC heap before
{Heap before GC invocations=17 (full 3):
 PSYoungGen      total 161280K, used 151904K [0x00000000d7000000, 0x00000000eb700000, 0x0000000100000000)
  eden space 27136K, 100% used [0x00000000d7000000,0x00000000d8a80000,0x00000000d8a80000)
  from space 134144K, 93% used [0x00000000d8a80000,0x00000000e0458010,0x00000000e0d80000)
  to   space 150016K, 0% used [0x00000000e2480000,0x00000000e2480000,0x00000000eb700000)
 ParOldGen       total 439296K, used 258730K [0x0000000085000000, 0x000000009fd00000, 0x00000000d7000000)
  object space 439296K, 58% used [0x0000000085000000,0x0000000094caa9a8,0x000000009fd00000)
 Metaspace       used 15054K, capacity 15280K, committed 15616K, reserved 1062912K
  class space    used 1663K, capacity 1741K, committed 1792K, reserved 1048576K
Event: 21,969 GC heap after
Heap after GC invocations=17 (full 3):
 PSYoungGen      total 163840K, used 146880K [0x00000000d7000000, 0x00000000ee080000, 0x0000000100000000)
  eden space 13824K, 0% used [0x00000000d7000000,0x00000000d7000000,0x00000000d7d80000)
  from space 150016K, 97% used [0x00000000e2480000,0x00000000eb3f0010,0x00000000eb700000)
  to   space 171008K, 0% used [0x00000000d7d80000,0x00000000d7d80000,0x00000000e2480000)
 ParOldGen       total 439296K, used 258730K [0x0000000085000000, 0x000000009fd00000, 0x00000000d7000000)
  object space 439296K, 58% used [0x0000000085000000,0x0000000094caa9a8,0x000000009fd00000)
 Metaspace       used 15054K, capacity 15280K, committed 15616K, reserved 1062912K
  class space    used 1663K, capacity 1741K, committed 1792K, reserved 1048576K
}
Event: 22,401 GC heap before
{Heap before GC invocations=18 (full 3):
 PSYoungGen      total 163840K, used 160704K [0x00000000d7000000, 0x00000000ee080000, 0x0000000100000000)
  eden space 13824K, 100% used [0x00000000d7000000,0x00000000d7d80000,0x00000000d7d80000)
  from space 150016K, 97% used [0x00000000e2480000,0x00000000eb3f0010,0x00000000eb700000)
  to   space 171008K, 0% used [0x00000000d7d80000,0x00000000d7d80000,0x00000000e2480000)
 ParOldGen       total 439296K, used 258730K [0x0000000085000000, 0x000000009fd00000, 0x00000000d7000000)
  object space 439296K, 58% used [0x0000000085000000,0x0000000094caa9a8,0x000000009fd00000)
 Metaspace       used 15054K, capacity 15280K, committed 15616K, reserved 1062912K
  class space    used 1663K, capacity 1741K, committed 1792K, reserved 1048576K
Event: 22,457 GC heap after
Heap after GC invocations=18 (full 3):
 PSYoungGen      total 184832K, used 130272K [0x00000000d7000000, 0x00000000ee580000, 0x0000000100000000)
  eden space 13824K, 0% used [0x00000000d7000000,0x00000000d7000000,0x00000000d7d80000)
  from space 171008K, 76% used [0x00000000d7d80000,0x00000000dfcb8000,0x00000000e2480000)
  to   space 181760K, 0% used [0x00000000e3400000,0x00000000e3400000,0x00000000ee580000)
 ParOldGen       total 439296K, used 286794K [0x0000000085000000, 0x000000009fd00000, 0x00000000d7000000)
  object space 439296K, 65% used [0x0000000085000000,0x00000000968129b8,0x000000009fd00000)
 Metaspace       used 15054K, capacity 15280K, committed 15616K, reserved 1062912K
  class space    used 1663K, capacity 1741K, committed 1792K, reserved 1048576K
}
Event: 22,884 GC heap before
{Heap before GC invocations=19 (full 3):
 PSYoungGen      total 184832K, used 144096K [0x00000000d7000000, 0x00000000ee580000, 0x0000000100000000)
  eden space 13824K, 100% used [0x00000000d7000000,0x00000000d7d80000,0x00000000d7d80000)
  from space 171008K, 76% used [0x00000000d7d80000,0x00000000dfcb8000,0x00000000e2480000)
  to   space 181760K, 0% used [0x00000000e3400000,0x00000000e3400000,0x00000000ee580000)
 ParOldGen       total 439296K, used 286794K [0x0000000085000000, 0x000000009fd00000, 0x00000000d7000000)
  object space 439296K, 65% used [0x0000000085000000,0x00000000968129b8,0x000000009fd00000)
 Metaspace       used 15054K, capacity 15280K, committed 15616K, reserved 1062912K
  class space    used 1663K, capacity 1741K, committed 1792K, reserved 1048576K
Event: 22,943 GC heap after
Heap after GC invocations=19 (full 3):
 PSYoungGen      total 188416K, used 90784K [0x00000000d7000000, 0x00000000ed900000, 0x0000000100000000)
  eden space 19456K, 0% used [0x00000000d7000000,0x00000000d7000000,0x00000000d8300000)
  from space 168960K, 53% used [0x00000000e3400000,0x00000000e8ca8000,0x00000000ed900000)
  to   space 175104K, 0% used [0x00000000d8300000,0x00000000d8300000,0x00000000e2e00000)
 ParOldGen       total 439296K, used 337954K [0x0000000085000000, 0x000000009fd00000, 0x00000000d7000000)
  object space 439296K, 76% used [0x0000000085000000,0x0000000099a089b8,0x000000009fd00000)
 Metaspace       used 15054K, capacity 15280K, committed 15616K, reserved 1062912K
  class space    used 1663K, capacity 1741K, committed 1792K, reserved 1048576K
}
Event: 23,552 GC heap before
{Heap before GC invocations=20 (full 3):
 PSYoungGen      total 188416K, used 110240K [0x00000000d7000000, 0x00000000ed900000, 0x0000000100000000)
  eden space 19456K, 100% used [0x00000000d7000000,0x00000000d8300000,0x00000000d8300000)
  from space 168960K, 53% used [0x00000000e3400000,0x00000000e8ca8000,0x00000000ed900000)
  to   space 175104K, 0% used [0x00000000d8300000,0x00000000d8300000,0x00000000e2e00000)
 ParOldGen       total 439296K, used 337954K [0x0000000085000000, 0x000000009fd00000, 0x00000000d7000000)
  object space 439296K, 76% used [0x0000000085000000,0x0000000099a089b8,0x000000009fd00000)
 Metaspace       used 15054K, capacity 15280K, committed 15616K, reserved 1062912K
  class space    used 1663K, capacity 1741K, committed 1792K, reserved 1048576K
Event: 23,600 GC heap after
Heap after GC invocations=20 (full 3):
 PSYoungGen      total 80384K, used 60512K [0x00000000d7000000, 0x00000000ed300000, 0x0000000100000000)
  eden space 19456K, 0% used [0x00000000d7000000,0x00000000d7000000,0x00000000d8300000)
  from space 60928K, 99% used [0x00000000d8300000,0x00000000dbe18000,0x00000000dbe80000)
  to   space 169472K, 0% used [0x00000000e2d80000,0x00000000e2d80000,0x00000000ed300000)
 ParOldGen       total 439296K, used 384410K [0x0000000085000000, 0x000000009fd00000, 0x00000000d7000000)
  object space 439296K, 87% used [0x0000000085000000,0x000000009c7669b8,0x000000009fd00000)
 Metaspace       used 15054K, capacity 15280K, committed 15616K, reserved 1062912K
  class space    used 1663K, capacity 1741K, committed 1792K, reserved 1048576K
}
Event: 23,600 GC heap before
{Heap before GC invocations=21 (full 4):
 PSYoungGen      total 80384K, used 60512K [0x00000000d7000000, 0x00000000ed300000, 0x0000000100000000)
  eden space 19456K, 0% used [0x00000000d7000000,0x00000000d7000000,0x00000000d8300000)
  from space 60928K, 99% used [0x00000000d8300000,0x00000000dbe18000,0x00000000dbe80000)
  to   space 169472K, 0% used [0x00000000e2d80000,0x00000000e2d80000,0x00000000ed300000)
 ParOldGen       total 439296K, used 384410K [0x0000000085000000, 0x000000009fd00000, 0x00000000d7000000)
  object space 439296K, 87% used [0x0000000085000000,0x000000009c7669b8,0x000000009fd00000)
 Metaspace       used 15054K, capacity 15280K, committed 15616K, reserved 1062912K
  class space    used 1663K, capacity 1741K, committed 1792K, reserved 1048576K

