# JRE version: OpenJDK Runtime Environment (8.0_181-b13) (build 1.8.0_181-8u181-b13-0ubuntu0.16.04.1-b13)
# Java VM: OpenJDK 64-Bit Server VM (25.181-b13 mixed mode linux-amd64 compressed oops)
Heap:
 PSYoungGen      total 76800K, used 34788K [0x00000000d7000000, 0x00000000e0700000, 0x0000000100000000)
  eden space 4096K, 0% used [0x00000000d7000000,0x00000000d7000000,0x00000000d7400000)
  from space 72704K, 47% used [0x00000000d7400000,0x00000000d95f9088,0x00000000dbb00000)
  to   space 74752K, 0% used [0x00000000dbe00000,0x00000000dbe00000,0x00000000e0700000)
 ParOldGen       total 891904K, used 891787K [0x0000000085000000, 0x00000000bb700000, 0x00000000d7000000)
  object space 891904K, 99% used [0x0000000085000000,0x00000000bb6e2ec0,0x00000000bb700000)
 Metaspace       used 15825K, capacity 16066K, committed 16128K, reserved 1062912K
  class space    used 1697K, capacity 1780K, committed 1792K, reserved 1048576K
GC Heap History (10 events):
Event: 41,306 GC heap after
Heap after GC invocations=98 (full 5):
 PSYoungGen      total 68608K, used 40096K [0x00000000d7000000, 0x00000000def80000, 0x0000000100000000)
  eden space 9728K, 0% used [0x00000000d7000000,0x00000000d7000000,0x00000000d7980000)
  from space 58880K, 68% used [0x00000000d7980000,0x00000000da0a8000,0x00000000db300000)
  to   space 59904K, 0% used [0x00000000db500000,0x00000000db500000,0x00000000def80000)
 ParOldGen       total 891904K, used 866122K [0x0000000085000000, 0x00000000bb700000, 0x00000000d7000000)
  object space 891904K, 97% used [0x0000000085000000,0x00000000b9dd2be8,0x00000000bb700000)
 Metaspace       used 15825K, capacity 16066K, committed 16128K, reserved 1062912K
  class space    used 1697K, capacity 1780K, committed 1792K, reserved 1048576K
}
Event: 41,602 GC heap before
{Heap before GC invocations=99 (full 5):
 PSYoungGen      total 68608K, used 49824K [0x00000000d7000000, 0x00000000def80000, 0x0000000100000000)
  eden space 9728K, 100% used [0x00000000d7000000,0x00000000d7980000,0x00000000d7980000)
  from space 58880K, 68% used [0x00000000d7980000,0x00000000da0a8000,0x00000000db300000)
  to   space 59904K, 0% used [0x00000000db500000,0x00000000db500000,0x00000000def80000)
 ParOldGen       total 891904K, used 866122K [0x0000000085000000, 0x00000000bb700000, 0x00000000d7000000)
  object space 891904K, 97% used [0x0000000085000000,0x00000000b9dd2be8,0x00000000bb700000)
 Metaspace       used 15825K, capacity 16066K, committed 16128K, reserved 1062912K
  class space    used 1697K, capacity 1780K, committed 1792K, reserved 1048576K
Event: 41,623 GC heap after
Heap after GC invocations=99 (full 5):
 PSYoungGen      total 67072K, used 47968K [0x00000000d7000000, 0x00000000df680000, 0x0000000100000000)
  eden space 7168K, 0% used [0x00000000d7000000,0x00000000d7000000,0x00000000d7700000)
  from space 59904K, 80% used [0x00000000db500000,0x00000000de3d8000,0x00000000def80000)
  to   space 63488K, 0% used [0x00000000d7700000,0x00000000d7700000,0x00000000db500000)
 ParOldGen       total 891904K, used 866122K [0x0000000085000000, 0x00000000bb700000, 0x00000000d7000000)
  object space 891904K, 97% used [0x0000000085000000,0x00000000b9dd2be8,0x00000000bb700000)
 Metaspace       used 15825K, capacity 16066K, committed 16128K, reserved 1062912K
  class space    used 1697K, capacity 1780K, committed 1792K, reserved 1048576K
}
Event: 41,845 GC heap before
{Heap before GC invocations=100 (full 5):
 PSYoungGen      total 67072K, used 55136K [0x00000000d7000000, 0x00000000df680000, 0x0000000100000000)
  eden space 7168K, 100% used [0x00000000d7000000,0x00000000d7700000,0x00000000d7700000)
  from space 59904K, 80% used [0x00000000db500000,0x00000000de3d8000,0x00000000def80000)
  to   space 63488K, 0% used [0x00000000d7700000,0x00000000d7700000,0x00000000db500000)
 ParOldGen       total 891904K, used 866122K [0x0000000085000000, 0x00000000bb700000, 0x00000000d7000000)
  object space 891904K, 97% used [0x0000000085000000,0x00000000b9dd2be8,0x00000000bb700000)
 Metaspace       used 15825K, capacity 16066K, committed 16128K, reserved 1062912K
  class space    used 1697K, capacity 1780K, committed 1792K, reserved 1048576K
Event: 41,868 GC heap after
Heap after GC invocations=100 (full 5):
 PSYoungGen      total 70656K, used 53792K [0x00000000d7000000, 0x00000000dfe00000, 0x0000000100000000)
  eden space 7168K, 0% used [0x00000000d7000000,0x00000000d7000000,0x00000000d7700000)
  from space 63488K, 84% used [0x00000000d7700000,0x00000000dab88000,0x00000000db500000)
  to   space 68608K, 0% used [0x00000000dbb00000,0x00000000dbb00000,0x00000000dfe00000)
 ParOldGen       total 891904K, used 866122K [0x0000000085000000, 0x00000000bb700000, 0x00000000d7000000)
  object space 891904K, 97% used [0x0000000085000000,0x00000000b9dd2be8,0x00000000bb700000)
 Metaspace       used 15825K, capacity 16066K, committed 16128K, reserved 1062912K
  class space    used 1697K, capacity 1780K, committed 1792K, reserved 1048576K
}
Event: 42,093 GC heap before
{Heap before GC invocations=101 (full 5):
 PSYoungGen      total 70656K, used 60960K [0x00000000d7000000, 0x00000000dfe00000, 0x0000000100000000)
  eden space 7168K, 100% used [0x00000000d7000000,0x00000000d7700000,0x00000000d7700000)
  from space 63488K, 84% used [0x00000000d7700000,0x00000000dab88000,0x00000000db500000)
  to   space 68608K, 0% used [0x00000000dbb00000,0x00000000dbb00000,0x00000000dfe00000)
 ParOldGen       total 891904K, used 866122K [0x0000000085000000, 0x00000000bb700000, 0x00000000d7000000)
  object space 891904K, 97% used [0x0000000085000000,0x00000000b9dd2be8,0x00000000bb700000)
 Metaspace       used 15825K, capacity 16066K, committed 16128K, reserved 1062912K
  class space    used 1697K, capacity 1780K, committed 1792K, reserved 1048576K
Event: 42,117 GC heap after
Heap after GC invocations=101 (full 5):
 PSYoungGen      total 72704K, used 54272K [0x00000000d7000000, 0x00000000e0600000, 0x0000000100000000)
  eden space 4096K, 0% used [0x00000000d7000000,0x00000000d7000000,0x00000000d7400000)
  from space 68608K, 79% used [0x00000000dbb00000,0x00000000df000000,0x00000000dfe00000)
  to   space 72704K, 0% used [0x00000000d7400000,0x00000000d7400000,0x00000000dbb00000)
 ParOldGen       total 891904K, used 871602K [0x0000000085000000, 0x00000000bb700000, 0x00000000d7000000)
  object space 891904K, 97% used [0x0000000085000000,0x00000000ba32cbe8,0x00000000bb700000)
 Metaspace       used 15825K, capacity 16066K, committed 16128K, reserved 1062912K
  class space    used 1697K, capacity 1780K, committed 1792K, reserved 1048576K
}
Event: 42,244 GC heap before
{Heap before GC invocations=102 (full 5):
 PSYoungGen      total 72704K, used 58368K [0x00000000d7000000, 0x00000000e0600000, 0x0000000100000000)
  eden space 4096K, 100% used [0x00000000d7000000,0x00000000d7400000,0x00000000d7400000)
  from space 68608K, 79% used [0x00000000dbb00000,0x00000000df000000,0x00000000dfe00000)
  to   space 72704K, 0% used [0x00000000d7400000,0x00000000d7400000,0x00000000dbb00000)
 ParOldGen       total 891904K, used 871602K [0x0000000085000000, 0x00000000bb700000, 0x00000000d7000000)
  object space 891904K, 97% used [0x0000000085000000,0x00000000ba32cbe8,0x00000000bb700000)
 Metaspace       used 15825K, capacity 16066K, committed 16128K, reserved 1062912K
  class space    used 1697K, capacity 1780K, committed 1792K, reserved 1048576K
Event: 42,268 GC heap after
Heap after GC invocations=102 (full 5):
 PSYoungGen      total 76800K, used 51296K [0x00000000d7000000, 0x00000000e0700000, 0x0000000100000000)
  eden space 4096K, 0% used [0x00000000d7000000,0x00000000d7000000,0x00000000d7400000)
  from space 72704K, 70% used [0x00000000d7400000,0x00000000da618000,0x00000000dbb00000)
  to   space 74752K, 0% used [0x00000000dbe00000,0x00000000dbe00000,0x00000000e0700000)
 ParOldGen       total 891904K, used 877906K [0x0000000085000000, 0x00000000bb700000, 0x00000000d7000000)
  object space 891904K, 98% used [0x0000000085000000,0x00000000ba954be8,0x00000000bb700000)
 Metaspace       used 15825K, capacity 16066K, committed 16128K, reserved 1062912K
  class space    used 1697K, capacity 1780K, committed 1792K, reserved 1048576K
}
Event: 42,268 GC heap before
{Heap before GC invocations=103 (full 6):
 PSYoungGen      total 76800K, used 51296K [0x00000000d7000000, 0x00000000e0700000, 0x0000000100000000)
  eden space 4096K, 0% used [0x00000000d7000000,0x00000000d7000000,0x00000000d7400000)
  from space 72704K, 70% used [0x00000000d7400000,0x00000000da618000,0x00000000dbb00000)
  to   space 74752K, 0% used [0x00000000dbe00000,0x00000000dbe00000,0x00000000e0700000)
 ParOldGen       total 891904K, used 877906K [0x0000000085000000, 0x00000000bb700000, 0x00000000d7000000)
  object space 891904K, 98% used [0x0000000085000000,0x00000000ba954be8,0x00000000bb700000)
 Metaspace       used 15825K, capacity 16066K, committed 16128K, reserved 1062912K
  class space    used 1697K, capacity 1780K, committed 1792K, reserved 1048576K

