# JRE version: OpenJDK Runtime Environment (8.0_181-b13) (build 1.8.0_181-8u181-b13-0ubuntu0.16.04.1-b13)
# Java VM: OpenJDK 64-Bit Server VM (25.181-b13 mixed mode linux-amd64 compressed oops)
Heap:
 PSYoungGen      total 310272K, used 157113K [0x00000000d7000000, 0x00000000f8580000, 0x0000000100000000)
  eden space 86528K, 0% used [0x00000000d7000000,0x00000000d7000000,0x00000000dc480000)
  from space 223744K, 70% used [0x00000000dc480000,0x00000000e5dee798,0x00000000e9f00000)
  to   space 223744K, 0% used [0x00000000eab00000,0x00000000eab00000,0x00000000f8580000)
 ParOldGen       total 790016K, used 789731K [0x0000000085000000, 0x00000000b5380000, 0x00000000d7000000)
  object space 790016K, 99% used [0x0000000085000000,0x00000000b5338d50,0x00000000b5380000)
 Metaspace       used 16305K, capacity 16490K, committed 16768K, reserved 1064960K
  class space    used 1744K, capacity 1812K, committed 1920K, reserved 1048576K
GC Heap History (10 events):
Event: 24,014 GC heap after
Heap after GC invocations=23 (full 4):
 PSYoungGen      total 294400K, used 48672K [0x00000000d7000000, 0x00000000f6f80000, 0x0000000100000000)
  eden space 70656K, 0% used [0x00000000d7000000,0x00000000d7000000,0x00000000db500000)
  from space 223744K, 21% used [0x00000000db500000,0x00000000de488000,0x00000000e8f80000)
  to   space 221184K, 0% used [0x00000000e9780000,0x00000000e9780000,0x00000000f6f80000)
 ParOldGen       total 790016K, used 683392K [0x0000000085000000, 0x00000000b5380000, 0x00000000d7000000)
  object space 790016K, 86% used [0x0000000085000000,0x00000000aeb602a8,0x00000000b5380000)
 Metaspace       used 16257K, capacity 16490K, committed 16768K, reserved 1064960K
  class space    used 1743K, capacity 1812K, committed 1920K, reserved 1048576K
}
Event: 25,462 GC heap before
{Heap before GC invocations=24 (full 4):
 PSYoungGen      total 294400K, used 119328K [0x00000000d7000000, 0x00000000f6f80000, 0x0000000100000000)
  eden space 70656K, 100% used [0x00000000d7000000,0x00000000db500000,0x00000000db500000)
  from space 223744K, 21% used [0x00000000db500000,0x00000000de488000,0x00000000e8f80000)
  to   space 221184K, 0% used [0x00000000e9780000,0x00000000e9780000,0x00000000f6f80000)
 ParOldGen       total 790016K, used 683392K [0x0000000085000000, 0x00000000b5380000, 0x00000000d7000000)
  object space 790016K, 86% used [0x0000000085000000,0x00000000aeb602a8,0x00000000b5380000)
 Metaspace       used 16274K, capacity 16490K, committed 16768K, reserved 1064960K
  class space    used 1744K, capacity 1812K, committed 1920K, reserved 1048576K
Event: 25,503 GC heap after
Heap after GC invocations=24 (full 4):
 PSYoungGen      total 276992K, used 96896K [0x00000000d7000000, 0x00000000f5780000, 0x0000000100000000)
  eden space 80384K, 0% used [0x00000000d7000000,0x00000000d7000000,0x00000000dbe80000)
  from space 196608K, 49% used [0x00000000e9780000,0x00000000ef620000,0x00000000f5780000)
  to   space 209408K, 0% used [0x00000000dbe80000,0x00000000dbe80000,0x00000000e8b00000)
 ParOldGen       total 790016K, used 683392K [0x0000000085000000, 0x00000000b5380000, 0x00000000d7000000)
  object space 790016K, 86% used [0x0000000085000000,0x00000000aeb602a8,0x00000000b5380000)
 Metaspace       used 16274K, capacity 16490K, committed 16768K, reserved 1064960K
  class space    used 1744K, capacity 1812K, committed 1920K, reserved 1048576K
}
Event: 27,126 GC heap before
{Heap before GC invocations=25 (full 4):
 PSYoungGen      total 276992K, used 177280K [0x00000000d7000000, 0x00000000f5780000, 0x0000000100000000)
  eden space 80384K, 100% used [0x00000000d7000000,0x00000000dbe80000,0x00000000dbe80000)
  from space 196608K, 49% used [0x00000000e9780000,0x00000000ef620000,0x00000000f5780000)
  to   space 209408K, 0% used [0x00000000dbe80000,0x00000000dbe80000,0x00000000e8b00000)
 ParOldGen       total 790016K, used 683392K [0x0000000085000000, 0x00000000b5380000, 0x00000000d7000000)
  object space 790016K, 86% used [0x0000000085000000,0x00000000aeb602a8,0x00000000b5380000)
 Metaspace       used 16276K, capacity 16490K, committed 16768K, reserved 1064960K
  class space    used 1744K, capacity 1812K, committed 1920K, reserved 1048576K
Event: 27,194 GC heap after
Heap after GC invocations=25 (full 4):
 PSYoungGen      total 289792K, used 153472K [0x00000000d7000000, 0x00000000f7500000, 0x0000000100000000)
  eden space 80384K, 0% used [0x00000000d7000000,0x00000000d7000000,0x00000000dbe80000)
  from space 209408K, 73% used [0x00000000dbe80000,0x00000000e5460010,0x00000000e8b00000)
  to   space 219136K, 0% used [0x00000000e9f00000,0x00000000e9f00000,0x00000000f7500000)
 ParOldGen       total 790016K, used 683392K [0x0000000085000000, 0x00000000b5380000, 0x00000000d7000000)
  object space 790016K, 86% used [0x0000000085000000,0x00000000aeb602a8,0x00000000b5380000)
 Metaspace       used 16276K, capacity 16490K, committed 16768K, reserved 1064960K
  class space    used 1744K, capacity 1812K, committed 1920K, reserved 1048576K
}
Event: 28,702 GC heap before
{Heap before GC invocations=26 (full 4):
 PSYoungGen      total 289792K, used 233856K [0x00000000d7000000, 0x00000000f7500000, 0x0000000100000000)
  eden space 80384K, 100% used [0x00000000d7000000,0x00000000dbe80000,0x00000000dbe80000)
  from space 209408K, 73% used [0x00000000dbe80000,0x00000000e5460010,0x00000000e8b00000)
  to   space 219136K, 0% used [0x00000000e9f00000,0x00000000e9f00000,0x00000000f7500000)
 ParOldGen       total 790016K, used 683392K [0x0000000085000000, 0x00000000b5380000, 0x00000000d7000000)
  object space 790016K, 86% used [0x0000000085000000,0x00000000aeb602a8,0x00000000b5380000)
 Metaspace       used 16288K, capacity 16490K, committed 16768K, reserved 1064960K
  class space    used 1744K, capacity 1812K, committed 1920K, reserved 1048576K
Event: 28,784 GC heap after
Heap after GC invocations=26 (full 4):
 PSYoungGen      total 305664K, used 207840K [0x00000000d7000000, 0x00000000f7e00000, 0x0000000100000000)
  eden space 86528K, 0% used [0x00000000d7000000,0x00000000d7000000,0x00000000dc480000)
  from space 219136K, 94% used [0x00000000e9f00000,0x00000000f69f8010,0x00000000f7500000)
  to   space 223744K, 0% used [0x00000000dc480000,0x00000000dc480000,0x00000000e9f00000)
 ParOldGen       total 790016K, used 683392K [0x0000000085000000, 0x00000000b5380000, 0x00000000d7000000)
  object space 790016K, 86% used [0x0000000085000000,0x00000000aeb602a8,0x00000000b5380000)
 Metaspace       used 16288K, capacity 16490K, committed 16768K, reserved 1064960K
  class space    used 1744K, capacity 1812K, committed 1920K, reserved 1048576K
}
Event: 30,597 GC heap before
{Heap before GC invocations=27 (full 4):
 PSYoungGen      total 305664K, used 294368K [0x00000000d7000000, 0x00000000f7e00000, 0x0000000100000000)
  eden space 86528K, 100% used [0x00000000d7000000,0x00000000dc480000,0x00000000dc480000)
  from space 219136K, 94% used [0x00000000e9f00000,0x00000000f69f8010,0x00000000f7500000)
  to   space 223744K, 0% used [0x00000000dc480000,0x00000000dc480000,0x00000000e9f00000)
 ParOldGen       total 790016K, used 683392K [0x0000000085000000, 0x00000000b5380000, 0x00000000d7000000)
  object space 790016K, 86% used [0x0000000085000000,0x00000000aeb602a8,0x00000000b5380000)
 Metaspace       used 16305K, capacity 16490K, committed 16768K, reserved 1064960K
  class space    used 1744K, capacity 1812K, committed 1920K, reserved 1048576K
Event: 30,712 GC heap after
Heap after GC invocations=27 (full 4):
 PSYoungGen      total 310272K, used 170240K [0x00000000d7000000, 0x00000000f8580000, 0x0000000100000000)
  eden space 86528K, 0% used [0x00000000d7000000,0x00000000d7000000,0x00000000dc480000)
  from space 223744K, 76% used [0x00000000dc480000,0x00000000e6ac0010,0x00000000e9f00000)
  to   space 223744K, 0% used [0x00000000eab00000,0x00000000eab00000,0x00000000f8580000)
 ParOldGen       total 790016K, used 780648K [0x0000000085000000, 0x00000000b5380000, 0x00000000d7000000)
  object space 790016K, 98% used [0x0000000085000000,0x00000000b4a5a2a8,0x00000000b5380000)
 Metaspace       used 16305K, capacity 16490K, committed 16768K, reserved 1064960K
  class space    used 1744K, capacity 1812K, committed 1920K, reserved 1048576K
}
Event: 30,712 GC heap before
{Heap before GC invocations=28 (full 5):
 PSYoungGen      total 310272K, used 170240K [0x00000000d7000000, 0x00000000f8580000, 0x0000000100000000)
  eden space 86528K, 0% used [0x00000000d7000000,0x00000000d7000000,0x00000000dc480000)
  from space 223744K, 76% used [0x00000000dc480000,0x00000000e6ac0010,0x00000000e9f00000)
  to   space 223744K, 0% used [0x00000000eab00000,0x00000000eab00000,0x00000000f8580000)
 ParOldGen       total 790016K, used 780648K [0x0000000085000000, 0x00000000b5380000, 0x00000000d7000000)
  object space 790016K, 98% used [0x0000000085000000,0x00000000b4a5a2a8,0x00000000b5380000)
 Metaspace       used 16305K, capacity 16490K, committed 16768K, reserved 1064960K
  class space    used 1744K, capacity 1812K, committed 1920K, reserved 1048576K

