# JRE version: OpenJDK Runtime Environment (8.0_181-b13) (build 1.8.0_181-8u181-b13-0ubuntu0.16.04.1-b13)
# Java VM: OpenJDK 64-Bit Server VM (25.181-b13 mixed mode linux-amd64 compressed oops)
Heap:
 PSYoungGen      total 341504K, used 57849K [0x00000000d7000000, 0x00000000fb300000, 0x0000000100000000)
  eden space 117760K, 0% used [0x00000000d7000000,0x00000000d7000000,0x00000000de300000)
  from space 223744K, 25% used [0x00000000de300000,0x00000000e1b7e748,0x00000000ebd80000)
  to   space 223744K, 0% used [0x00000000ed880000,0x00000000ed880000,0x00000000fb300000)
 ParOldGen       total 778752K, used 778328K [0x0000000085000000, 0x00000000b4880000, 0x00000000d7000000)
  object space 778752K, 99% used [0x0000000085000000,0x00000000b48160f0,0x00000000b4880000)
 Metaspace       used 15603K, capacity 15846K, committed 16256K, reserved 1062912K
  class space    used 1718K, capacity 1804K, committed 1920K, reserved 1048576K
GC Heap History (10 events):
Event: 32,825 GC heap after
Heap after GC invocations=13 (full 3):
 PSYoungGen      total 316416K, used 217568K [0x00000000d7000000, 0x00000000f8c80000, 0x0000000100000000)
  eden space 98816K, 0% used [0x00000000d7000000,0x00000000d7000000,0x00000000dd080000)
  from space 217600K, 99% used [0x00000000eab00000,0x00000000f7f78010,0x00000000f7f80000)
  to   space 223744K, 0% used [0x00000000dd080000,0x00000000dd080000,0x00000000eab00000)
 ParOldGen       total 508928K, used 365503K [0x0000000085000000, 0x00000000a4100000, 0x00000000d7000000)
  object space 508928K, 71% used [0x0000000085000000,0x000000009b4efde8,0x00000000a4100000)
 Metaspace       used 15603K, capacity 15846K, committed 16256K, reserved 1062912K
  class space    used 1718K, capacity 1804K, committed 1920K, reserved 1048576K
}
Event: 37,007 GC heap before
{Heap before GC invocations=14 (full 3):
 PSYoungGen      total 316416K, used 316384K [0x00000000d7000000, 0x00000000f8c80000, 0x0000000100000000)
  eden space 98816K, 100% used [0x00000000d7000000,0x00000000dd080000,0x00000000dd080000)
  from space 217600K, 99% used [0x00000000eab00000,0x00000000f7f78010,0x00000000f7f80000)
  to   space 223744K, 0% used [0x00000000dd080000,0x00000000dd080000,0x00000000eab00000)
 ParOldGen       total 508928K, used 365503K [0x0000000085000000, 0x00000000a4100000, 0x00000000d7000000)
  object space 508928K, 71% used [0x0000000085000000,0x000000009b4efde8,0x00000000a4100000)
 Metaspace       used 15603K, capacity 15846K, committed 16256K, reserved 1062912K
  class space    used 1718K, capacity 1804K, committed 1920K, reserved 1048576K
Event: 37,195 GC heap after
Heap after GC invocations=14 (full 3):
 PSYoungGen      total 322560K, used 215328K [0x00000000d7000000, 0x00000000f9800000, 0x0000000100000000)
  eden space 98816K, 0% used [0x00000000d7000000,0x00000000d7000000,0x00000000dd080000)
  from space 223744K, 96% used [0x00000000dd080000,0x00000000ea2c8010,0x00000000eab00000)
  to   space 223744K, 0% used [0x00000000ebd80000,0x00000000ebd80000,0x00000000f9800000)
 ParOldGen       total 508928K, used 448855K [0x0000000085000000, 0x00000000a4100000, 0x00000000d7000000)
  object space 508928K, 88% used [0x0000000085000000,0x00000000a0655de8,0x00000000a4100000)
 Metaspace       used 15603K, capacity 15846K, committed 16256K, reserved 1062912K
  class space    used 1718K, capacity 1804K, committed 1920K, reserved 1048576K
}
Event: 37,195 GC heap before
{Heap before GC invocations=15 (full 4):
 PSYoungGen      total 322560K, used 215328K [0x00000000d7000000, 0x00000000f9800000, 0x0000000100000000)
  eden space 98816K, 0% used [0x00000000d7000000,0x00000000d7000000,0x00000000dd080000)
  from space 223744K, 96% used [0x00000000dd080000,0x00000000ea2c8010,0x00000000eab00000)
  to   space 223744K, 0% used [0x00000000ebd80000,0x00000000ebd80000,0x00000000f9800000)
 ParOldGen       total 508928K, used 448855K [0x0000000085000000, 0x00000000a4100000, 0x00000000d7000000)
  object space 508928K, 88% used [0x0000000085000000,0x00000000a0655de8,0x00000000a4100000)
 Metaspace       used 15603K, capacity 15846K, committed 16256K, reserved 1062912K
  class space    used 1718K, capacity 1804K, committed 1920K, reserved 1048576K
Event: 38,310 GC heap after
Heap after GC invocations=15 (full 4):
 PSYoungGen      total 322560K, used 151531K [0x00000000d7000000, 0x00000000f9800000, 0x0000000100000000)
  eden space 98816K, 0% used [0x00000000d7000000,0x00000000d7000000,0x00000000dd080000)
  from space 223744K, 67% used [0x00000000dd080000,0x00000000e647af58,0x00000000eab00000)
  to   space 223744K, 0% used [0x00000000ebd80000,0x00000000ebd80000,0x00000000f9800000)
 ParOldGen       total 778752K, used 508683K [0x0000000085000000, 0x00000000b4880000, 0x00000000d7000000)
  object space 778752K, 65% used [0x0000000085000000,0x00000000a40c2e28,0x00000000b4880000)
 Metaspace       used 15603K, capacity 15846K, committed 16256K, reserved 1062912K
  class space    used 1718K, capacity 1804K, committed 1920K, reserved 1048576K
}
Event: 42,503 GC heap before
{Heap before GC invocations=16 (full 4):
 PSYoungGen      total 322560K, used 250347K [0x00000000d7000000, 0x00000000f9800000, 0x0000000100000000)
  eden space 98816K, 100% used [0x00000000d7000000,0x00000000dd080000,0x00000000dd080000)
  from space 223744K, 67% used [0x00000000dd080000,0x00000000e647af58,0x00000000eab00000)
  to   space 223744K, 0% used [0x00000000ebd80000,0x00000000ebd80000,0x00000000f9800000)
 ParOldGen       total 778752K, used 508683K [0x0000000085000000, 0x00000000b4880000, 0x00000000d7000000)
  object space 778752K, 65% used [0x0000000085000000,0x00000000a40c2e28,0x00000000b4880000)
 Metaspace       used 15603K, capacity 15846K, committed 16256K, reserved 1062912K
  class space    used 1718K, capacity 1804K, committed 1920K, reserved 1048576K
Event: 42,885 GC heap after
Heap after GC invocations=16 (full 4):
 PSYoungGen      total 341504K, used 137504K [0x00000000d7000000, 0x00000000f9b80000, 0x0000000100000000)
  eden space 117760K, 0% used [0x00000000d7000000,0x00000000d7000000,0x00000000de300000)
  from space 223744K, 61% used [0x00000000ebd80000,0x00000000f43c8000,0x00000000f9800000)
  to   space 223744K, 0% used [0x00000000de300000,0x00000000de300000,0x00000000ebd80000)
 ParOldGen       total 778752K, used 604235K [0x0000000085000000, 0x00000000b4880000, 0x00000000d7000000)
  object space 778752K, 77% used [0x0000000085000000,0x00000000a9e12e28,0x00000000b4880000)
 Metaspace       used 15603K, capacity 15846K, committed 16256K, reserved 1062912K
  class space    used 1718K, capacity 1804K, committed 1920K, reserved 1048576K
}
Event: 47,905 GC heap before
{Heap before GC invocations=17 (full 4):
 PSYoungGen      total 341504K, used 255264K [0x00000000d7000000, 0x00000000f9b80000, 0x0000000100000000)
  eden space 117760K, 100% used [0x00000000d7000000,0x00000000de300000,0x00000000de300000)
  from space 223744K, 61% used [0x00000000ebd80000,0x00000000f43c8000,0x00000000f9800000)
  to   space 223744K, 0% used [0x00000000de300000,0x00000000de300000,0x00000000ebd80000)
 ParOldGen       total 778752K, used 604235K [0x0000000085000000, 0x00000000b4880000, 0x00000000d7000000)
  object space 778752K, 77% used [0x0000000085000000,0x00000000a9e12e28,0x00000000b4880000)
 Metaspace       used 15603K, capacity 15846K, committed 16256K, reserved 1062912K
  class space    used 1718K, capacity 1804K, committed 1920K, reserved 1048576K
Event: 48,184 GC heap after
Heap after GC invocations=17 (full 4):
 PSYoungGen      total 341504K, used 95872K [0x00000000d7000000, 0x00000000fb300000, 0x0000000100000000)
  eden space 117760K, 0% used [0x00000000d7000000,0x00000000d7000000,0x00000000de300000)
  from space 223744K, 42% used [0x00000000de300000,0x00000000e40a0000,0x00000000ebd80000)
  to   space 223744K, 0% used [0x00000000ed880000,0x00000000ed880000,0x00000000fb300000)
 ParOldGen       total 778752K, used 742787K [0x0000000085000000, 0x00000000b4880000, 0x00000000d7000000)
  object space 778752K, 95% used [0x0000000085000000,0x00000000b2560e28,0x00000000b4880000)
 Metaspace       used 15603K, capacity 15846K, committed 16256K, reserved 1062912K
  class space    used 1718K, capacity 1804K, committed 1920K, reserved 1048576K
}
Event: 48,184 GC heap before
{Heap before GC invocations=18 (full 5):
 PSYoungGen      total 341504K, used 95872K [0x00000000d7000000, 0x00000000fb300000, 0x0000000100000000)
  eden space 117760K, 0% used [0x00000000d7000000,0x00000000d7000000,0x00000000de300000)
  from space 223744K, 42% used [0x00000000de300000,0x00000000e40a0000,0x00000000ebd80000)
  to   space 223744K, 0% used [0x00000000ed880000,0x00000000ed880000,0x00000000fb300000)
 ParOldGen       total 778752K, used 742787K [0x0000000085000000, 0x00000000b4880000, 0x00000000d7000000)
  object space 778752K, 95% used [0x0000000085000000,0x00000000b2560e28,0x00000000b4880000)
 Metaspace       used 15603K, capacity 15846K, committed 16256K, reserved 1062912K
  class space    used 1718K, capacity 1804K, committed 1920K, reserved 1048576K

