# JRE version: OpenJDK Runtime Environment (8.0_181-b13) (build 1.8.0_181-8u181-b13-0ubuntu0.16.04.1-b13)
# Java VM: OpenJDK 64-Bit Server VM (25.181-b13 mixed mode linux-amd64 compressed oops)
Heap:
 PSYoungGen      total 209408K, used 8726K [0x00000000d7000000, 0x00000000ef400000, 0x0000000100000000)
  eden space 19968K, 0% used [0x00000000d7000000,0x00000000d7000000,0x00000000d8380000)
  from space 189440K, 4% used [0x00000000d8380000,0x00000000d8c05890,0x00000000e3c80000)
  to   space 187392K, 0% used [0x00000000e3d00000,0x00000000e3d00000,0x00000000ef400000)
 ParOldGen       total 937984K, used 937750K [0x0000000085000000, 0x00000000be400000, 0x00000000d7000000)
  object space 937984K, 99% used [0x0000000085000000,0x00000000be3c59e0,0x00000000be400000)
 Metaspace       used 15987K, capacity 16228K, committed 16384K, reserved 1064960K
  class space    used 1697K, capacity 1773K, committed 1792K, reserved 1048576K
GC Heap History (10 events):
Event: 39,766 GC heap after
Heap after GC invocations=48 (full 5):
 PSYoungGen      total 121344K, used 106336K [0x00000000d7000000, 0x00000000f0b00000, 0x0000000100000000)
  eden space 14848K, 0% used [0x00000000d7000000,0x00000000d7000000,0x00000000d7e80000)
  from space 106496K, 99% used [0x00000000d7e80000,0x00000000de658000,0x00000000de680000)
  to   space 201728K, 0% used [0x00000000e4600000,0x00000000e4600000,0x00000000f0b00000)
 ParOldGen       total 937984K, used 785104K [0x0000000085000000, 0x00000000be400000, 0x00000000d7000000)
  object space 937984K, 83% used [0x0000000085000000,0x00000000b4eb4020,0x00000000be400000)
 Metaspace       used 15987K, capacity 16228K, committed 16384K, reserved 1064960K
  class space    used 1697K, capacity 1773K, committed 1792K, reserved 1048576K
}
Event: 40,226 GC heap before
{Heap before GC invocations=49 (full 5):
 PSYoungGen      total 121344K, used 121184K [0x00000000d7000000, 0x00000000f0b00000, 0x0000000100000000)
  eden space 14848K, 100% used [0x00000000d7000000,0x00000000d7e80000,0x00000000d7e80000)
  from space 106496K, 99% used [0x00000000d7e80000,0x00000000de658000,0x00000000de680000)
  to   space 201728K, 0% used [0x00000000e4600000,0x00000000e4600000,0x00000000f0b00000)
 ParOldGen       total 937984K, used 785104K [0x0000000085000000, 0x00000000be400000, 0x00000000d7000000)
  object space 937984K, 83% used [0x0000000085000000,0x00000000b4eb4020,0x00000000be400000)
 Metaspace       used 15987K, capacity 16228K, committed 16384K, reserved 1064960K
  class space    used 1697K, capacity 1773K, committed 1792K, reserved 1048576K
Event: 40,282 GC heap after
Heap after GC invocations=49 (full 5):
 PSYoungGen      total 205824K, used 81728K [0x00000000d7000000, 0x00000000efe00000, 0x0000000100000000)
  eden space 17408K, 0% used [0x00000000d7000000,0x00000000d7000000,0x00000000d8100000)
  from space 188416K, 43% used [0x00000000e4600000,0x00000000e95d0000,0x00000000efe00000)
  to   space 195072K, 0% used [0x00000000d8100000,0x00000000d8100000,0x00000000e3f80000)
 ParOldGen       total 937984K, used 822064K [0x0000000085000000, 0x00000000be400000, 0x00000000d7000000)
  object space 937984K, 87% used [0x0000000085000000,0x00000000b72cc020,0x00000000be400000)
 Metaspace       used 15987K, capacity 16228K, committed 16384K, reserved 1064960K
  class space    used 1697K, capacity 1773K, committed 1792K, reserved 1048576K
}
Event: 40,822 GC heap before
{Heap before GC invocations=50 (full 5):
 PSYoungGen      total 205824K, used 99136K [0x00000000d7000000, 0x00000000efe00000, 0x0000000100000000)
  eden space 17408K, 100% used [0x00000000d7000000,0x00000000d8100000,0x00000000d8100000)
  from space 188416K, 43% used [0x00000000e4600000,0x00000000e95d0000,0x00000000efe00000)
  to   space 195072K, 0% used [0x00000000d8100000,0x00000000d8100000,0x00000000e3f80000)
 ParOldGen       total 937984K, used 822064K [0x0000000085000000, 0x00000000be400000, 0x00000000d7000000)
  object space 937984K, 87% used [0x0000000085000000,0x00000000b72cc020,0x00000000be400000)
 Metaspace       used 15987K, capacity 16228K, committed 16384K, reserved 1064960K
  class space    used 1697K, capacity 1773K, committed 1792K, reserved 1048576K
Event: 40,865 GC heap after
Heap after GC invocations=50 (full 5):
 PSYoungGen      total 76800K, used 59232K [0x00000000d7000000, 0x00000000efa80000, 0x0000000100000000)
  eden space 17408K, 0% used [0x00000000d7000000,0x00000000d7000000,0x00000000d8100000)
  from space 59392K, 99% used [0x00000000d8100000,0x00000000dbad8000,0x00000000dbb00000)
  to   space 192000K, 0% used [0x00000000e3f00000,0x00000000e3f00000,0x00000000efa80000)
 ParOldGen       total 937984K, used 859032K [0x0000000085000000, 0x00000000be400000, 0x00000000d7000000)
  object space 937984K, 91% used [0x0000000085000000,0x00000000b96e6020,0x00000000be400000)
 Metaspace       used 15987K, capacity 16228K, committed 16384K, reserved 1064960K
  class space    used 1697K, capacity 1773K, committed 1792K, reserved 1048576K
}
Event: 41,399 GC heap before
{Heap before GC invocations=51 (full 5):
 PSYoungGen      total 76800K, used 76640K [0x00000000d7000000, 0x00000000efa80000, 0x0000000100000000)
  eden space 17408K, 100% used [0x00000000d7000000,0x00000000d8100000,0x00000000d8100000)
  from space 59392K, 99% used [0x00000000d8100000,0x00000000dbad8000,0x00000000dbb00000)
  to   space 192000K, 0% used [0x00000000e3f00000,0x00000000e3f00000,0x00000000efa80000)
 ParOldGen       total 937984K, used 859032K [0x0000000085000000, 0x00000000be400000, 0x00000000d7000000)
  object space 937984K, 91% used [0x0000000085000000,0x00000000b96e6020,0x00000000be400000)
 Metaspace       used 15987K, capacity 16228K, committed 16384K, reserved 1064960K
  class space    used 1697K, capacity 1773K, committed 1792K, reserved 1048576K
Event: 41,433 GC heap after
Heap after GC invocations=51 (full 5):
 PSYoungGen      total 206848K, used 52576K [0x00000000d7000000, 0x00000000ef580000, 0x0000000100000000)
  eden space 19968K, 0% used [0x00000000d7000000,0x00000000d7000000,0x00000000d8380000)
  from space 186880K, 28% used [0x00000000e3f00000,0x00000000e7258000,0x00000000ef580000)
  to   space 189440K, 0% used [0x00000000d8380000,0x00000000d8380000,0x00000000e3c80000)
 ParOldGen       total 937984K, used 880048K [0x0000000085000000, 0x00000000be400000, 0x00000000d7000000)
  object space 937984K, 93% used [0x0000000085000000,0x00000000bab6c020,0x00000000be400000)
 Metaspace       used 15987K, capacity 16228K, committed 16384K, reserved 1064960K
  class space    used 1697K, capacity 1773K, committed 1792K, reserved 1048576K
}
Event: 42,041 GC heap before
{Heap before GC invocations=52 (full 5):
 PSYoungGen      total 206848K, used 72544K [0x00000000d7000000, 0x00000000ef580000, 0x0000000100000000)
  eden space 19968K, 100% used [0x00000000d7000000,0x00000000d8380000,0x00000000d8380000)
  from space 186880K, 28% used [0x00000000e3f00000,0x00000000e7258000,0x00000000ef580000)
  to   space 189440K, 0% used [0x00000000d8380000,0x00000000d8380000,0x00000000e3c80000)
 ParOldGen       total 937984K, used 880048K [0x0000000085000000, 0x00000000be400000, 0x00000000d7000000)
  object space 937984K, 93% used [0x0000000085000000,0x00000000bab6c020,0x00000000be400000)
 Metaspace       used 15987K, capacity 16228K, committed 16384K, reserved 1064960K
  class space    used 1697K, capacity 1773K, committed 1792K, reserved 1048576K
Event: 42,073 GC heap after
Heap after GC invocations=52 (full 5):
 PSYoungGen      total 209408K, used 44640K [0x00000000d7000000, 0x00000000ef400000, 0x0000000100000000)
  eden space 19968K, 0% used [0x00000000d7000000,0x00000000d7000000,0x00000000d8380000)
  from space 189440K, 23% used [0x00000000d8380000,0x00000000daf18000,0x00000000e3c80000)
  to   space 187392K, 0% used [0x00000000e3d00000,0x00000000e3d00000,0x00000000ef400000)
 ParOldGen       total 937984K, used 904408K [0x0000000085000000, 0x00000000be400000, 0x00000000d7000000)
  object space 937984K, 96% used [0x0000000085000000,0x00000000bc336020,0x00000000be400000)
 Metaspace       used 15987K, capacity 16228K, committed 16384K, reserved 1064960K
  class space    used 1697K, capacity 1773K, committed 1792K, reserved 1048576K
}
Event: 42,073 GC heap before
{Heap before GC invocations=53 (full 6):
 PSYoungGen      total 209408K, used 44640K [0x00000000d7000000, 0x00000000ef400000, 0x0000000100000000)
  eden space 19968K, 0% used [0x00000000d7000000,0x00000000d7000000,0x00000000d8380000)
  from space 189440K, 23% used [0x00000000d8380000,0x00000000daf18000,0x00000000e3c80000)
  to   space 187392K, 0% used [0x00000000e3d00000,0x00000000e3d00000,0x00000000ef400000)
 ParOldGen       total 937984K, used 904408K [0x0000000085000000, 0x00000000be400000, 0x00000000d7000000)
  object space 937984K, 96% used [0x0000000085000000,0x00000000bc336020,0x00000000be400000)
 Metaspace       used 15987K, capacity 16228K, committed 16384K, reserved 1064960K
  class space    used 1697K, capacity 1773K, committed 1792K, reserved 1048576K

