# JRE version: OpenJDK Runtime Environment (8.0_181-b13) (build 1.8.0_181-8u181-b13-0ubuntu0.16.04.1-b13)
# Java VM: OpenJDK 64-Bit Server VM (25.181-b13 mixed mode linux-amd64 compressed oops)
Heap:
 PSYoungGen      total 98816K, used 42313K [0x00000000d7000000, 0x00000000f2880000, 0x0000000100000000)
  eden space 19968K, 0% used [0x00000000d7000000,0x00000000d7000000,0x00000000d8380000)
  from space 78848K, 53% used [0x00000000d8380000,0x00000000dacd26c0,0x00000000dd080000)
  to   space 214016K, 0% used [0x00000000e5780000,0x00000000e5780000,0x00000000f2880000)
 ParOldGen       total 917504K, used 917310K [0x0000000085000000, 0x00000000bd000000, 0x00000000d7000000)
  object space 917504K, 99% used [0x0000000085000000,0x00000000bcfcf940,0x00000000bd000000)
 Metaspace       used 15590K, capacity 15766K, committed 15872K, reserved 1062912K
  class space    used 1709K, capacity 1772K, committed 1792K, reserved 1048576K
GC Heap History (10 events):
Event: 53,544 GC heap after
Heap after GC invocations=48 (full 5):
 PSYoungGen      total 221696K, used 167552K [0x00000000d7000000, 0x00000000f2f80000, 0x0000000100000000)
  eden space 20992K, 0% used [0x00000000d7000000,0x00000000d7000000,0x00000000d8480000)
  from space 200704K, 83% used [0x00000000d8480000,0x00000000e2820000,0x00000000e4880000)
  to   space 217088K, 0% used [0x00000000e5b80000,0x00000000e5b80000,0x00000000f2f80000)
 ParOldGen       total 917504K, used 731609K [0x0000000085000000, 0x00000000bd000000, 0x00000000d7000000)
  object space 917504K, 79% used [0x0000000085000000,0x00000000b1a764b8,0x00000000bd000000)
 Metaspace       used 15590K, capacity 15766K, committed 15872K, reserved 1062912K
  class space    used 1709K, capacity 1772K, committed 1792K, reserved 1048576K
}
Event: 54,400 GC heap before
{Heap before GC invocations=49 (full 5):
 PSYoungGen      total 221696K, used 188544K [0x00000000d7000000, 0x00000000f2f80000, 0x0000000100000000)
  eden space 20992K, 100% used [0x00000000d7000000,0x00000000d8480000,0x00000000d8480000)
  from space 200704K, 83% used [0x00000000d8480000,0x00000000e2820000,0x00000000e4880000)
  to   space 217088K, 0% used [0x00000000e5b80000,0x00000000e5b80000,0x00000000f2f80000)
 ParOldGen       total 917504K, used 731609K [0x0000000085000000, 0x00000000bd000000, 0x00000000d7000000)
  object space 917504K, 79% used [0x0000000085000000,0x00000000b1a764b8,0x00000000bd000000)
 Metaspace       used 15590K, capacity 15766K, committed 15872K, reserved 1062912K
  class space    used 1709K, capacity 1772K, committed 1792K, reserved 1048576K
Event: 54,544 GC heap after
Heap after GC invocations=49 (full 5):
 PSYoungGen      total 234496K, used 167552K [0x00000000d7000000, 0x00000000f3c80000, 0x0000000100000000)
  eden space 17408K, 0% used [0x00000000d7000000,0x00000000d7000000,0x00000000d8100000)
  from space 217088K, 77% used [0x00000000e5b80000,0x00000000eff20000,0x00000000f2f80000)
  to   space 223744K, 0% used [0x00000000d8100000,0x00000000d8100000,0x00000000e5b80000)
 ParOldGen       total 917504K, used 748841K [0x0000000085000000, 0x00000000bd000000, 0x00000000d7000000)
  object space 917504K, 81% used [0x0000000085000000,0x00000000b2b4a4b8,0x00000000bd000000)
 Metaspace       used 15590K, capacity 15766K, committed 15872K, reserved 1062912K
  class space    used 1709K, capacity 1772K, committed 1792K, reserved 1048576K
}
Event: 55,232 GC heap before
{Heap before GC invocations=50 (full 5):
 PSYoungGen      total 234496K, used 184960K [0x00000000d7000000, 0x00000000f3c80000, 0x0000000100000000)
  eden space 17408K, 100% used [0x00000000d7000000,0x00000000d8100000,0x00000000d8100000)
  from space 217088K, 77% used [0x00000000e5b80000,0x00000000eff20000,0x00000000f2f80000)
  to   space 223744K, 0% used [0x00000000d8100000,0x00000000d8100000,0x00000000e5b80000)
 ParOldGen       total 917504K, used 748841K [0x0000000085000000, 0x00000000bd000000, 0x00000000d7000000)
  object space 917504K, 81% used [0x0000000085000000,0x00000000b2b4a4b8,0x00000000bd000000)
 Metaspace       used 15590K, capacity 15766K, committed 15872K, reserved 1062912K
  class space    used 1709K, capacity 1772K, committed 1792K, reserved 1048576K
Event: 55,384 GC heap after
Heap after GC invocations=50 (full 5):
 PSYoungGen      total 241152K, used 142528K [0x00000000d7000000, 0x00000000f3880000, 0x0000000100000000)
  eden space 17408K, 0% used [0x00000000d7000000,0x00000000d7000000,0x00000000d8100000)
  from space 223744K, 63% used [0x00000000d8100000,0x00000000e0c30000,0x00000000e5b80000)
  to   space 223744K, 0% used [0x00000000e5e00000,0x00000000e5e00000,0x00000000f3880000)
 ParOldGen       total 917504K, used 788329K [0x0000000085000000, 0x00000000bd000000, 0x00000000d7000000)
  object space 917504K, 85% used [0x0000000085000000,0x00000000b51da4b8,0x00000000bd000000)
 Metaspace       used 15590K, capacity 15766K, committed 15872K, reserved 1062912K
  class space    used 1709K, capacity 1772K, committed 1792K, reserved 1048576K
}
Event: 56,145 GC heap before
{Heap before GC invocations=51 (full 5):
 PSYoungGen      total 241152K, used 159936K [0x00000000d7000000, 0x00000000f3880000, 0x0000000100000000)
  eden space 17408K, 100% used [0x00000000d7000000,0x00000000d8100000,0x00000000d8100000)
  from space 223744K, 63% used [0x00000000d8100000,0x00000000e0c30000,0x00000000e5b80000)
  to   space 223744K, 0% used [0x00000000e5e00000,0x00000000e5e00000,0x00000000f3880000)
 ParOldGen       total 917504K, used 788329K [0x0000000085000000, 0x00000000bd000000, 0x00000000d7000000)
  object space 917504K, 85% used [0x0000000085000000,0x00000000b51da4b8,0x00000000bd000000)
 Metaspace       used 15590K, capacity 15766K, committed 15872K, reserved 1062912K
  class space    used 1709K, capacity 1772K, committed 1792K, reserved 1048576K
Event: 56,285 GC heap after
Heap after GC invocations=51 (full 5):
 PSYoungGen      total 234496K, used 112512K [0x00000000d7000000, 0x00000000f2f80000, 0x0000000100000000)
  eden space 19968K, 0% used [0x00000000d7000000,0x00000000d7000000,0x00000000d8380000)
  from space 214528K, 52% used [0x00000000e5e00000,0x00000000ecbe0000,0x00000000f2f80000)
  to   space 219136K, 0% used [0x00000000d8380000,0x00000000d8380000,0x00000000e5980000)
 ParOldGen       total 917504K, used 832857K [0x0000000085000000, 0x00000000bd000000, 0x00000000d7000000)
  object space 917504K, 90% used [0x0000000085000000,0x00000000b7d564b8,0x00000000bd000000)
 Metaspace       used 15590K, capacity 15766K, committed 15872K, reserved 1062912K
  class space    used 1709K, capacity 1772K, committed 1792K, reserved 1048576K
}
Event: 57,079 GC heap before
{Heap before GC invocations=52 (full 5):
 PSYoungGen      total 234496K, used 132480K [0x00000000d7000000, 0x00000000f2f80000, 0x0000000100000000)
  eden space 19968K, 100% used [0x00000000d7000000,0x00000000d8380000,0x00000000d8380000)
  from space 214528K, 52% used [0x00000000e5e00000,0x00000000ecbe0000,0x00000000f2f80000)
  to   space 219136K, 0% used [0x00000000d8380000,0x00000000d8380000,0x00000000e5980000)
 ParOldGen       total 917504K, used 832857K [0x0000000085000000, 0x00000000bd000000, 0x00000000d7000000)
  object space 917504K, 90% used [0x0000000085000000,0x00000000b7d564b8,0x00000000bd000000)
 Metaspace       used 15590K, capacity 15766K, committed 15872K, reserved 1062912K
  class space    used 1709K, capacity 1772K, committed 1792K, reserved 1048576K
Event: 57,200 GC heap after
Heap after GC invocations=52 (full 5):
 PSYoungGen      total 98816K, used 78784K [0x00000000d7000000, 0x00000000f2880000, 0x0000000100000000)
  eden space 19968K, 0% used [0x00000000d7000000,0x00000000d7000000,0x00000000d8380000)
  from space 78848K, 99% used [0x00000000d8380000,0x00000000dd070000,0x00000000dd080000)
  to   space 214016K, 0% used [0x00000000e5780000,0x00000000e5780000,0x00000000f2880000)
 ParOldGen       total 917504K, used 883265K [0x0000000085000000, 0x00000000bd000000, 0x00000000d7000000)
  object space 917504K, 96% used [0x0000000085000000,0x00000000bae904b8,0x00000000bd000000)
 Metaspace       used 15590K, capacity 15766K, committed 15872K, reserved 1062912K
  class space    used 1709K, capacity 1772K, committed 1792K, reserved 1048576K
}
Event: 57,200 GC heap before
{Heap before GC invocations=53 (full 6):
 PSYoungGen      total 98816K, used 78784K [0x00000000d7000000, 0x00000000f2880000, 0x0000000100000000)
  eden space 19968K, 0% used [0x00000000d7000000,0x00000000d7000000,0x00000000d8380000)
  from space 78848K, 99% used [0x00000000d8380000,0x00000000dd070000,0x00000000dd080000)
  to   space 214016K, 0% used [0x00000000e5780000,0x00000000e5780000,0x00000000f2880000)
 ParOldGen       total 917504K, used 883265K [0x0000000085000000, 0x00000000bd000000, 0x00000000d7000000)
  object space 917504K, 96% used [0x0000000085000000,0x00000000bae904b8,0x00000000bd000000)
 Metaspace       used 15590K, capacity 15766K, committed 15872K, reserved 1062912K
  class space    used 1709K, capacity 1772K, committed 1792K, reserved 1048576K

