# JRE version: OpenJDK Runtime Environment (8.0_181-b13) (build 1.8.0_181-8u181-b13-0ubuntu0.16.04.1-b13)
# Java VM: OpenJDK 64-Bit Server VM (25.181-b13 mixed mode linux-amd64 compressed oops)
Heap:
 PSYoungGen      total 207360K, used 0K [0x00000000d7000000, 0x00000000efe00000, 0x0000000100000000)
  eden space 12288K, 0% used [0x00000000d7000000,0x00000000d7000000,0x00000000d7c00000)
  from space 195072K, 0% used [0x00000000e3f80000,0x00000000e3f80000,0x00000000efe00000)
  to   space 197632K, 0% used [0x00000000d7c00000,0x00000000d7c00000,0x00000000e3d00000)
 ParOldGen       total 930304K, used 921793K [0x0000000085000000, 0x00000000bdc80000, 0x00000000d7000000)
  object space 930304K, 99% used [0x0000000085000000,0x00000000bd4306d0,0x00000000bdc80000)
 Metaspace       used 14366K, capacity 14596K, committed 14976K, reserved 1062912K
  class space    used 1508K, capacity 1579K, committed 1664K, reserved 1048576K
GC Heap History (10 events):
Event: 41,518 GC heap after
Heap after GC invocations=51 (full 5):
 PSYoungGen      total 208384K, used 145088K [0x00000000d7000000, 0x00000000f1e80000, 0x0000000100000000)
  eden space 8704K, 0% used [0x00000000d7000000,0x00000000d7000000,0x00000000d7880000)
  from space 199680K, 72% used [0x00000000e4600000,0x00000000ed3b0000,0x00000000f0900000)
  to   space 210432K, 0% used [0x00000000d7880000,0x00000000d7880000,0x00000000e4600000)
 ParOldGen       total 930304K, used 747122K [0x0000000085000000, 0x00000000bdc80000, 0x00000000d7000000)
  object space 930304K, 80% used [0x0000000085000000,0x00000000b299ca60,0x00000000bdc80000)
 Metaspace       used 14366K, capacity 14596K, committed 14976K, reserved 1062912K
  class space    used 1508K, capacity 1579K, committed 1664K, reserved 1048576K
}
Event: 41,782 GC heap before
{Heap before GC invocations=52 (full 5):
 PSYoungGen      total 208384K, used 153792K [0x00000000d7000000, 0x00000000f1e80000, 0x0000000100000000)
  eden space 8704K, 100% used [0x00000000d7000000,0x00000000d7880000,0x00000000d7880000)
  from space 199680K, 72% used [0x00000000e4600000,0x00000000ed3b0000,0x00000000f0900000)
  to   space 210432K, 0% used [0x00000000d7880000,0x00000000d7880000,0x00000000e4600000)
 ParOldGen       total 930304K, used 747122K [0x0000000085000000, 0x00000000bdc80000, 0x00000000d7000000)
  object space 930304K, 80% used [0x0000000085000000,0x00000000b299ca60,0x00000000bdc80000)
 Metaspace       used 14366K, capacity 14596K, committed 14976K, reserved 1062912K
  class space    used 1508K, capacity 1579K, committed 1664K, reserved 1048576K
Event: 41,840 GC heap after
Heap after GC invocations=52 (full 5):
 PSYoungGen      total 219136K, used 135104K [0x00000000d7000000, 0x00000000f1f00000, 0x0000000100000000)
  eden space 8704K, 0% used [0x00000000d7000000,0x00000000d7000000,0x00000000d7880000)
  from space 210432K, 64% used [0x00000000d7880000,0x00000000dfc70000,0x00000000e4600000)
  to   space 215552K, 0% used [0x00000000e4c80000,0x00000000e4c80000,0x00000000f1f00000)
 ParOldGen       total 930304K, used 764354K [0x0000000085000000, 0x00000000bdc80000, 0x00000000d7000000)
  object space 930304K, 82% used [0x0000000085000000,0x00000000b3a70a60,0x00000000bdc80000)
 Metaspace       used 14366K, capacity 14596K, committed 14976K, reserved 1062912K
  class space    used 1508K, capacity 1579K, committed 1664K, reserved 1048576K
}
Event: 42,107 GC heap before
{Heap before GC invocations=53 (full 5):
 PSYoungGen      total 219136K, used 143808K [0x00000000d7000000, 0x00000000f1f00000, 0x0000000100000000)
  eden space 8704K, 100% used [0x00000000d7000000,0x00000000d7880000,0x00000000d7880000)
  from space 210432K, 64% used [0x00000000d7880000,0x00000000dfc70000,0x00000000e4600000)
  to   space 215552K, 0% used [0x00000000e4c80000,0x00000000e4c80000,0x00000000f1f00000)
 ParOldGen       total 930304K, used 764354K [0x0000000085000000, 0x00000000bdc80000, 0x00000000d7000000)
  object space 930304K, 82% used [0x0000000085000000,0x00000000b3a70a60,0x00000000bdc80000)
 Metaspace       used 14366K, capacity 14596K, committed 14976K, reserved 1062912K
  class space    used 1508K, capacity 1579K, committed 1664K, reserved 1048576K
Event: 42,168 GC heap after
Heap after GC invocations=53 (full 5):
 PSYoungGen      total 209408K, used 105472K [0x00000000d7000000, 0x00000000f0f00000, 0x0000000100000000)
  eden space 10240K, 0% used [0x00000000d7000000,0x00000000d7000000,0x00000000d7a00000)
  from space 199168K, 52% used [0x00000000e4c80000,0x00000000eb380000,0x00000000f0f00000)
  to   space 207360K, 0% used [0x00000000d7a00000,0x00000000d7a00000,0x00000000e4480000)
 ParOldGen       total 930304K, used 801314K [0x0000000085000000, 0x00000000bdc80000, 0x00000000d7000000)
  object space 930304K, 86% used [0x0000000085000000,0x00000000b5e88a60,0x00000000bdc80000)
 Metaspace       used 14366K, capacity 14596K, committed 14976K, reserved 1062912K
  class space    used 1508K, capacity 1579K, committed 1664K, reserved 1048576K
}
Event: 42,488 GC heap before
{Heap before GC invocations=54 (full 5):
 PSYoungGen      total 209408K, used 115712K [0x00000000d7000000, 0x00000000f0f00000, 0x0000000100000000)
  eden space 10240K, 100% used [0x00000000d7000000,0x00000000d7a00000,0x00000000d7a00000)
  from space 199168K, 52% used [0x00000000e4c80000,0x00000000eb380000,0x00000000f0f00000)
  to   space 207360K, 0% used [0x00000000d7a00000,0x00000000d7a00000,0x00000000e4480000)
 ParOldGen       total 930304K, used 801314K [0x0000000085000000, 0x00000000bdc80000, 0x00000000d7000000)
  object space 930304K, 86% used [0x0000000085000000,0x00000000b5e88a60,0x00000000bdc80000)
 Metaspace       used 14366K, capacity 14596K, committed 14976K, reserved 1062912K
  class space    used 1508K, capacity 1579K, committed 1664K, reserved 1048576K
Event: 42,535 GC heap after
Heap after GC invocations=54 (full 5):
 PSYoungGen      total 82944K, used 72576K [0x00000000d7000000, 0x00000000f0300000, 0x0000000100000000)
  eden space 10240K, 0% used [0x00000000d7000000,0x00000000d7000000,0x00000000d7a00000)
  from space 72704K, 99% used [0x00000000d7a00000,0x00000000dc0e0000,0x00000000dc100000)
  to   space 200192K, 0% used [0x00000000e3f80000,0x00000000e3f80000,0x00000000f0300000)
 ParOldGen       total 930304K, used 842898K [0x0000000085000000, 0x00000000bdc80000, 0x00000000d7000000)
  object space 930304K, 90% used [0x0000000085000000,0x00000000b8724a60,0x00000000bdc80000)
 Metaspace       used 14366K, capacity 14596K, committed 14976K, reserved 1062912K
  class space    used 1508K, capacity 1579K, committed 1664K, reserved 1048576K
}
Event: 42,864 GC heap before
{Heap before GC invocations=55 (full 5):
 PSYoungGen      total 82944K, used 82816K [0x00000000d7000000, 0x00000000f0300000, 0x0000000100000000)
  eden space 10240K, 100% used [0x00000000d7000000,0x00000000d7a00000,0x00000000d7a00000)
  from space 72704K, 99% used [0x00000000d7a00000,0x00000000dc0e0000,0x00000000dc100000)
  to   space 200192K, 0% used [0x00000000e3f80000,0x00000000e3f80000,0x00000000f0300000)
 ParOldGen       total 930304K, used 842898K [0x0000000085000000, 0x00000000bdc80000, 0x00000000d7000000)
  object space 930304K, 90% used [0x0000000085000000,0x00000000b8724a60,0x00000000bdc80000)
 Metaspace       used 14366K, capacity 14596K, committed 14976K, reserved 1062912K
  class space    used 1508K, capacity 1579K, committed 1664K, reserved 1048576K
Event: 42,910 GC heap after
Heap after GC invocations=55 (full 5):
 PSYoungGen      total 207360K, used 45056K [0x00000000d7000000, 0x00000000efe00000, 0x0000000100000000)
  eden space 12288K, 0% used [0x00000000d7000000,0x00000000d7000000,0x00000000d7c00000)
  from space 195072K, 23% used [0x00000000e3f80000,0x00000000e6b80000,0x00000000efe00000)
  to   space 197632K, 0% used [0x00000000d7c00000,0x00000000d7c00000,0x00000000e3d00000)
 ParOldGen       total 930304K, used 879026K [0x0000000085000000, 0x00000000bdc80000, 0x00000000d7000000)
  object space 930304K, 94% used [0x0000000085000000,0x00000000baa6ca60,0x00000000bdc80000)
 Metaspace       used 14366K, capacity 14596K, committed 14976K, reserved 1062912K
  class space    used 1508K, capacity 1579K, committed 1664K, reserved 1048576K
}
Event: 42,910 GC heap before
{Heap before GC invocations=56 (full 6):
 PSYoungGen      total 207360K, used 45056K [0x00000000d7000000, 0x00000000efe00000, 0x0000000100000000)
  eden space 12288K, 0% used [0x00000000d7000000,0x00000000d7000000,0x00000000d7c00000)
  from space 195072K, 23% used [0x00000000e3f80000,0x00000000e6b80000,0x00000000efe00000)
  to   space 197632K, 0% used [0x00000000d7c00000,0x00000000d7c00000,0x00000000e3d00000)
 ParOldGen       total 930304K, used 879026K [0x0000000085000000, 0x00000000bdc80000, 0x00000000d7000000)
  object space 930304K, 94% used [0x0000000085000000,0x00000000baa6ca60,0x00000000bdc80000)
 Metaspace       used 14366K, capacity 14596K, committed 14976K, reserved 1062912K
  class space    used 1508K, capacity 1579K, committed 1664K, reserved 1048576K

