# JRE version: OpenJDK Runtime Environment (8.0_181-b13) (build 1.8.0_181-8u181-b13-0ubuntu0.16.04.1-b13)
# Java VM: OpenJDK 64-Bit Server VM (25.181-b13 mixed mode linux-amd64 compressed oops)
Heap:
 PSYoungGen      total 136192K, used 31079K [0x00000000d7000000, 0x00000000e8080000, 0x0000000100000000)
  eden space 7680K, 0% used [0x00000000d7000000,0x00000000d7000000,0x00000000d7780000)
  from space 128512K, 24% used [0x00000000e0300000,0x00000000e2159f38,0x00000000e8080000)
  to   space 135680K, 0% used [0x00000000d7780000,0x00000000d7780000,0x00000000dfc00000)
 ParOldGen       total 888832K, used 888735K [0x0000000085000000, 0x00000000bb400000, 0x00000000d7000000)
  object space 888832K, 99% used [0x0000000085000000,0x00000000bb3e7f20,0x00000000bb400000)
 Metaspace       used 15444K, capacity 15670K, committed 15872K, reserved 1062912K
  class space    used 1681K, capacity 1740K, committed 1792K, reserved 1048576K
GC Heap History (10 events):
Event: 38,568 GC heap after
Heap after GC invocations=61 (full 5):
 PSYoungGen      total 132608K, used 85920K [0x00000000d7000000, 0x00000000e7e00000, 0x0000000100000000)
  eden space 11776K, 0% used [0x00000000d7000000,0x00000000d7000000,0x00000000d7b80000)
  from space 120832K, 71% used [0x00000000df900000,0x00000000e4ce8000,0x00000000e6f00000)
  to   space 128512K, 0% used [0x00000000d7b80000,0x00000000d7b80000,0x00000000df900000)
 ParOldGen       total 888832K, used 806706K [0x0000000085000000, 0x00000000bb400000, 0x00000000d7000000)
  object space 888832K, 90% used [0x0000000085000000,0x00000000b63cca30,0x00000000bb400000)
 Metaspace       used 15363K, capacity 15542K, committed 15872K, reserved 1062912K
  class space    used 1681K, capacity 1740K, committed 1792K, reserved 1048576K
}
Event: 38,930 GC heap before
{Heap before GC invocations=62 (full 5):
 PSYoungGen      total 132608K, used 97696K [0x00000000d7000000, 0x00000000e7e00000, 0x0000000100000000)
  eden space 11776K, 100% used [0x00000000d7000000,0x00000000d7b80000,0x00000000d7b80000)
  from space 120832K, 71% used [0x00000000df900000,0x00000000e4ce8000,0x00000000e6f00000)
  to   space 128512K, 0% used [0x00000000d7b80000,0x00000000d7b80000,0x00000000df900000)
 ParOldGen       total 888832K, used 806706K [0x0000000085000000, 0x00000000bb400000, 0x00000000d7000000)
  object space 888832K, 90% used [0x0000000085000000,0x00000000b63cca30,0x00000000bb400000)
 Metaspace       used 15363K, capacity 15542K, committed 15872K, reserved 1062912K
  class space    used 1681K, capacity 1740K, committed 1792K, reserved 1048576K
Event: 38,969 GC heap after
Heap after GC invocations=62 (full 5):
 PSYoungGen      total 140288K, used 95488K [0x00000000d7000000, 0x00000000e8a00000, 0x0000000100000000)
  eden space 11776K, 0% used [0x00000000d7000000,0x00000000d7000000,0x00000000d7b80000)
  from space 128512K, 74% used [0x00000000d7b80000,0x00000000dd8c0000,0x00000000df900000)
  to   space 137728K, 0% used [0x00000000e0380000,0x00000000e0380000,0x00000000e8a00000)
 ParOldGen       total 888832K, used 806706K [0x0000000085000000, 0x00000000bb400000, 0x00000000d7000000)
  object space 888832K, 90% used [0x0000000085000000,0x00000000b63cca30,0x00000000bb400000)
 Metaspace       used 15363K, capacity 15542K, committed 15872K, reserved 1062912K
  class space    used 1681K, capacity 1740K, committed 1792K, reserved 1048576K
}
Event: 39,354 GC heap before
{Heap before GC invocations=63 (full 5):
 PSYoungGen      total 140288K, used 107264K [0x00000000d7000000, 0x00000000e8a00000, 0x0000000100000000)
  eden space 11776K, 100% used [0x00000000d7000000,0x00000000d7b80000,0x00000000d7b80000)
  from space 128512K, 74% used [0x00000000d7b80000,0x00000000dd8c0000,0x00000000df900000)
  to   space 137728K, 0% used [0x00000000e0380000,0x00000000e0380000,0x00000000e8a00000)
 ParOldGen       total 888832K, used 806706K [0x0000000085000000, 0x00000000bb400000, 0x00000000d7000000)
  object space 888832K, 90% used [0x0000000085000000,0x00000000b63cca30,0x00000000bb400000)
 Metaspace       used 15411K, capacity 15606K, committed 15872K, reserved 1062912K
  class space    used 1681K, capacity 1740K, committed 1792K, reserved 1048576K
Event: 39,397 GC heap after
Heap after GC invocations=63 (full 5):
 PSYoungGen      total 143872K, used 94976K [0x00000000d7000000, 0x00000000e9800000, 0x0000000100000000)
  eden space 6144K, 0% used [0x00000000d7000000,0x00000000d7000000,0x00000000d7600000)
  from space 137728K, 68% used [0x00000000e0380000,0x00000000e6040000,0x00000000e8a00000)
  to   space 144896K, 0% used [0x00000000d7600000,0x00000000d7600000,0x00000000e0380000)
 ParOldGen       total 888832K, used 816810K [0x0000000085000000, 0x00000000bb400000, 0x00000000d7000000)
  object space 888832K, 91% used [0x0000000085000000,0x00000000b6daaa30,0x00000000bb400000)
 Metaspace       used 15411K, capacity 15606K, committed 15872K, reserved 1062912K
  class space    used 1681K, capacity 1740K, committed 1792K, reserved 1048576K
}
Event: 39,595 GC heap before
{Heap before GC invocations=64 (full 5):
 PSYoungGen      total 143872K, used 101120K [0x00000000d7000000, 0x00000000e9800000, 0x0000000100000000)
  eden space 6144K, 100% used [0x00000000d7000000,0x00000000d7600000,0x00000000d7600000)
  from space 137728K, 68% used [0x00000000e0380000,0x00000000e6040000,0x00000000e8a00000)
  to   space 144896K, 0% used [0x00000000d7600000,0x00000000d7600000,0x00000000e0380000)
 ParOldGen       total 888832K, used 816810K [0x0000000085000000, 0x00000000bb400000, 0x00000000d7000000)
  object space 888832K, 91% used [0x0000000085000000,0x00000000b6daaa30,0x00000000bb400000)
 Metaspace       used 15444K, capacity 15670K, committed 15872K, reserved 1062912K
  class space    used 1681K, capacity 1740K, committed 1792K, reserved 1048576K
Event: 39,637 GC heap after
Heap after GC invocations=64 (full 5):
 PSYoungGen      total 83456K, used 77312K [0x00000000d7000000, 0x00000000e8f00000, 0x0000000100000000)
  eden space 6144K, 0% used [0x00000000d7000000,0x00000000d7000000,0x00000000d7600000)
  from space 77312K, 100% used [0x00000000d7600000,0x00000000dc180000,0x00000000dc180000)
  to   space 143360K, 0% used [0x00000000e0300000,0x00000000e0300000,0x00000000e8f00000)
 ParOldGen       total 888832K, used 839482K [0x0000000085000000, 0x00000000bb400000, 0x00000000d7000000)
  object space 888832K, 94% used [0x0000000085000000,0x00000000b83cea30,0x00000000bb400000)
 Metaspace       used 15444K, capacity 15670K, committed 15872K, reserved 1062912K
  class space    used 1681K, capacity 1740K, committed 1792K, reserved 1048576K
}
Event: 39,836 GC heap before
{Heap before GC invocations=65 (full 5):
 PSYoungGen      total 83456K, used 83456K [0x00000000d7000000, 0x00000000e8f00000, 0x0000000100000000)
  eden space 6144K, 100% used [0x00000000d7000000,0x00000000d7600000,0x00000000d7600000)
  from space 77312K, 100% used [0x00000000d7600000,0x00000000dc180000,0x00000000dc180000)
  to   space 143360K, 0% used [0x00000000e0300000,0x00000000e0300000,0x00000000e8f00000)
 ParOldGen       total 888832K, used 839482K [0x0000000085000000, 0x00000000bb400000, 0x00000000d7000000)
  object space 888832K, 94% used [0x0000000085000000,0x00000000b83cea30,0x00000000bb400000)
 Metaspace       used 15444K, capacity 15670K, committed 15872K, reserved 1062912K
  class space    used 1681K, capacity 1740K, committed 1792K, reserved 1048576K
Event: 39,901 GC heap after
Heap after GC invocations=65 (full 5):
 PSYoungGen      total 136192K, used 57312K [0x00000000d7000000, 0x00000000e8080000, 0x0000000100000000)
  eden space 7680K, 0% used [0x00000000d7000000,0x00000000d7000000,0x00000000d7780000)
  from space 128512K, 44% used [0x00000000e0300000,0x00000000e3af8000,0x00000000e8080000)
  to   space 135680K, 0% used [0x00000000d7780000,0x00000000d7780000,0x00000000dfc00000)
 ParOldGen       total 888832K, used 864706K [0x0000000085000000, 0x00000000bb400000, 0x00000000d7000000)
  object space 888832K, 97% used [0x0000000085000000,0x00000000b9c70a30,0x00000000bb400000)
 Metaspace       used 15444K, capacity 15670K, committed 15872K, reserved 1062912K
  class space    used 1681K, capacity 1740K, committed 1792K, reserved 1048576K
}
Event: 39,901 GC heap before
{Heap before GC invocations=66 (full 6):
 PSYoungGen      total 136192K, used 57312K [0x00000000d7000000, 0x00000000e8080000, 0x0000000100000000)
  eden space 7680K, 0% used [0x00000000d7000000,0x00000000d7000000,0x00000000d7780000)
  from space 128512K, 44% used [0x00000000e0300000,0x00000000e3af8000,0x00000000e8080000)
  to   space 135680K, 0% used [0x00000000d7780000,0x00000000d7780000,0x00000000dfc00000)
 ParOldGen       total 888832K, used 864706K [0x0000000085000000, 0x00000000bb400000, 0x00000000d7000000)
  object space 888832K, 97% used [0x0000000085000000,0x00000000b9c70a30,0x00000000bb400000)
 Metaspace       used 15444K, capacity 15670K, committed 15872K, reserved 1062912K
  class space    used 1681K, capacity 1740K, committed 1792K, reserved 1048576K

