# JRE version: OpenJDK Runtime Environment (8.0_181-b13) (build 1.8.0_181-8u181-b13-0ubuntu0.16.04.1-b13)
# Java VM: OpenJDK 64-Bit Server VM (25.181-b13 mixed mode linux-amd64 compressed oops)
Heap:
 PSYoungGen      total 143360K, used 64523K [0x00000000d7000000, 0x00000000e8680000, 0x0000000100000000)
  eden space 7680K, 0% used [0x00000000d7000000,0x00000000d7000000,0x00000000d7780000)
  from space 135680K, 47% used [0x00000000e0200000,0x00000000e4102d48,0x00000000e8680000)
  to   space 138752K, 0% used [0x00000000d7780000,0x00000000d7780000,0x00000000dff00000)
 ParOldGen       total 880640K, used 880353K [0x0000000085000000, 0x00000000bac00000, 0x00000000d7000000)
  object space 880640K, 99% used [0x0000000085000000,0x00000000babb8740,0x00000000bac00000)
 Metaspace       used 16275K, capacity 16506K, committed 16768K, reserved 1064960K
  class space    used 1742K, capacity 1804K, committed 1920K, reserved 1048576K
GC Heap History (10 events):
Event: 41,812 GC heap after
Heap after GC invocations=71 (full 5):
 PSYoungGen      total 131584K, used 71008K [0x00000000d7000000, 0x00000000e6f80000, 0x0000000100000000)
  eden space 13824K, 0% used [0x00000000d7000000,0x00000000d7000000,0x00000000d7d80000)
  from space 117760K, 60% used [0x00000000df480000,0x00000000e39d8000,0x00000000e6780000)
  to   space 121856K, 0% used [0x00000000d7d80000,0x00000000d7d80000,0x00000000df480000)
 ParOldGen       total 880640K, used 844240K [0x0000000085000000, 0x00000000bac00000, 0x00000000d7000000)
  object space 880640K, 95% used [0x0000000085000000,0x00000000b88742a8,0x00000000bac00000)
 Metaspace       used 16252K, capacity 16442K, committed 16768K, reserved 1064960K
  class space    used 1742K, capacity 1804K, committed 1920K, reserved 1048576K
}
Event: 42,254 GC heap before
{Heap before GC invocations=72 (full 5):
 PSYoungGen      total 131584K, used 84832K [0x00000000d7000000, 0x00000000e6f80000, 0x0000000100000000)
  eden space 13824K, 100% used [0x00000000d7000000,0x00000000d7d80000,0x00000000d7d80000)
  from space 117760K, 60% used [0x00000000df480000,0x00000000e39d8000,0x00000000e6780000)
  to   space 121856K, 0% used [0x00000000d7d80000,0x00000000d7d80000,0x00000000df480000)
 ParOldGen       total 880640K, used 844240K [0x0000000085000000, 0x00000000bac00000, 0x00000000d7000000)
  object space 880640K, 95% used [0x0000000085000000,0x00000000b88742a8,0x00000000bac00000)
 Metaspace       used 16263K, capacity 16442K, committed 16768K, reserved 1064960K
  class space    used 1742K, capacity 1804K, committed 1920K, reserved 1048576K
Event: 42,289 GC heap after
Heap after GC invocations=72 (full 5):
 PSYoungGen      total 135680K, used 82016K [0x00000000d7000000, 0x00000000e7a00000, 0x0000000100000000)
  eden space 13824K, 0% used [0x00000000d7000000,0x00000000d7000000,0x00000000d7d80000)
  from space 121856K, 67% used [0x00000000d7d80000,0x00000000dcd98000,0x00000000df480000)
  to   space 128512K, 0% used [0x00000000dfc80000,0x00000000dfc80000,0x00000000e7a00000)
 ParOldGen       total 880640K, used 844240K [0x0000000085000000, 0x00000000bac00000, 0x00000000d7000000)
  object space 880640K, 95% used [0x0000000085000000,0x00000000b88742a8,0x00000000bac00000)
 Metaspace       used 16263K, capacity 16442K, committed 16768K, reserved 1064960K
  class space    used 1742K, capacity 1804K, committed 1920K, reserved 1048576K
}
Event: 42,723 GC heap before
{Heap before GC invocations=73 (full 5):
 PSYoungGen      total 135680K, used 95840K [0x00000000d7000000, 0x00000000e7a00000, 0x0000000100000000)
  eden space 13824K, 100% used [0x00000000d7000000,0x00000000d7d80000,0x00000000d7d80000)
  from space 121856K, 67% used [0x00000000d7d80000,0x00000000dcd98000,0x00000000df480000)
  to   space 128512K, 0% used [0x00000000dfc80000,0x00000000dfc80000,0x00000000e7a00000)
 ParOldGen       total 880640K, used 844240K [0x0000000085000000, 0x00000000bac00000, 0x00000000d7000000)
  object space 880640K, 95% used [0x0000000085000000,0x00000000b88742a8,0x00000000bac00000)
 Metaspace       used 16275K, capacity 16506K, committed 16768K, reserved 1064960K
  class space    used 1742K, capacity 1804K, committed 1920K, reserved 1048576K
Event: 42,761 GC heap after
Heap after GC invocations=73 (full 5):
 PSYoungGen      total 135168K, used 92384K [0x00000000d7000000, 0x00000000e8b00000, 0x0000000100000000)
  eden space 6656K, 0% used [0x00000000d7000000,0x00000000d7000000,0x00000000d7680000)
  from space 128512K, 71% used [0x00000000dfc80000,0x00000000e56b8000,0x00000000e7a00000)
  to   space 137216K, 0% used [0x00000000d7680000,0x00000000d7680000,0x00000000dfc80000)
 ParOldGen       total 880640K, used 844240K [0x0000000085000000, 0x00000000bac00000, 0x00000000d7000000)
  object space 880640K, 95% used [0x0000000085000000,0x00000000b88742a8,0x00000000bac00000)
 Metaspace       used 16275K, capacity 16506K, committed 16768K, reserved 1064960K
  class space    used 1742K, capacity 1804K, committed 1920K, reserved 1048576K
}
Event: 42,972 GC heap before
{Heap before GC invocations=74 (full 5):
 PSYoungGen      total 135168K, used 99040K [0x00000000d7000000, 0x00000000e8b00000, 0x0000000100000000)
  eden space 6656K, 100% used [0x00000000d7000000,0x00000000d7680000,0x00000000d7680000)
  from space 128512K, 71% used [0x00000000dfc80000,0x00000000e56b8000,0x00000000e7a00000)
  to   space 137216K, 0% used [0x00000000d7680000,0x00000000d7680000,0x00000000dfc80000)
 ParOldGen       total 880640K, used 844240K [0x0000000085000000, 0x00000000bac00000, 0x00000000d7000000)
  object space 880640K, 95% used [0x0000000085000000,0x00000000b88742a8,0x00000000bac00000)
 Metaspace       used 16275K, capacity 16506K, committed 16768K, reserved 1064960K
  class space    used 1742K, capacity 1804K, committed 1920K, reserved 1048576K
Event: 43,010 GC heap after
Heap after GC invocations=74 (full 5):
 PSYoungGen      total 143872K, used 86976K [0x00000000d7000000, 0x00000000e8c80000, 0x0000000100000000)
  eden space 6656K, 0% used [0x00000000d7000000,0x00000000d7000000,0x00000000d7680000)
  from space 137216K, 63% used [0x00000000d7680000,0x00000000dcb70000,0x00000000dfc80000)
  to   space 141824K, 0% used [0x00000000e0200000,0x00000000e0200000,0x00000000e8c80000)
 ParOldGen       total 880640K, used 854944K [0x0000000085000000, 0x00000000bac00000, 0x00000000d7000000)
  object space 880640K, 97% used [0x0000000085000000,0x00000000b92e82a8,0x00000000bac00000)
 Metaspace       used 16275K, capacity 16506K, committed 16768K, reserved 1064960K
  class space    used 1742K, capacity 1804K, committed 1920K, reserved 1048576K
}
Event: 43,223 GC heap before
{Heap before GC invocations=75 (full 5):
 PSYoungGen      total 143872K, used 93632K [0x00000000d7000000, 0x00000000e8c80000, 0x0000000100000000)
  eden space 6656K, 100% used [0x00000000d7000000,0x00000000d7680000,0x00000000d7680000)
  from space 137216K, 63% used [0x00000000d7680000,0x00000000dcb70000,0x00000000dfc80000)
  to   space 141824K, 0% used [0x00000000e0200000,0x00000000e0200000,0x00000000e8c80000)
 ParOldGen       total 880640K, used 854944K [0x0000000085000000, 0x00000000bac00000, 0x00000000d7000000)
  object space 880640K, 97% used [0x0000000085000000,0x00000000b92e82a8,0x00000000bac00000)
 Metaspace       used 16275K, capacity 16506K, committed 16768K, reserved 1064960K
  class space    used 1742K, capacity 1804K, committed 1920K, reserved 1048576K
Event: 43,260 GC heap after
Heap after GC invocations=75 (full 5):
 PSYoungGen      total 143360K, used 69824K [0x00000000d7000000, 0x00000000e8680000, 0x0000000100000000)
  eden space 7680K, 0% used [0x00000000d7000000,0x00000000d7000000,0x00000000d7780000)
  from space 135680K, 51% used [0x00000000e0200000,0x00000000e4630000,0x00000000e8680000)
  to   space 138752K, 0% used [0x00000000d7780000,0x00000000d7780000,0x00000000dff00000)
 ParOldGen       total 880640K, used 877640K [0x0000000085000000, 0x00000000bac00000, 0x00000000d7000000)
  object space 880640K, 99% used [0x0000000085000000,0x00000000ba9122a8,0x00000000bac00000)
 Metaspace       used 16275K, capacity 16506K, committed 16768K, reserved 1064960K
  class space    used 1742K, capacity 1804K, committed 1920K, reserved 1048576K
}
Event: 43,260 GC heap before
{Heap before GC invocations=76 (full 6):
 PSYoungGen      total 143360K, used 69824K [0x00000000d7000000, 0x00000000e8680000, 0x0000000100000000)
  eden space 7680K, 0% used [0x00000000d7000000,0x00000000d7000000,0x00000000d7780000)
  from space 135680K, 51% used [0x00000000e0200000,0x00000000e4630000,0x00000000e8680000)
  to   space 138752K, 0% used [0x00000000d7780000,0x00000000d7780000,0x00000000dff00000)
 ParOldGen       total 880640K, used 877640K [0x0000000085000000, 0x00000000bac00000, 0x00000000d7000000)
  object space 880640K, 99% used [0x0000000085000000,0x00000000ba9122a8,0x00000000bac00000)
 Metaspace       used 16275K, capacity 16506K, committed 16768K, reserved 1064960K
  class space    used 1742K, capacity 1804K, committed 1920K, reserved 1048576K

