# JRE version: OpenJDK Runtime Environment (8.0_181-b13) (build 1.8.0_181-8u181-b13-0ubuntu0.16.04.1-b13)
# Java VM: OpenJDK 64-Bit Server VM (25.181-b13 mixed mode linux-amd64 compressed oops)
Heap:
 PSYoungGen      total 165376K, used 76227K [0x00000000d7000000, 0x00000000ea500000, 0x0000000100000000)
  eden space 14336K, 0% used [0x00000000d7000000,0x00000000d7000000,0x00000000d7e00000)
  from space 151040K, 50% used [0x00000000e1180000,0x00000000e5bf0fe8,0x00000000ea500000)
  to   space 151040K, 0% used [0x00000000d7e00000,0x00000000d7e00000,0x00000000e1180000)
 ParOldGen       total 291328K, used 290848K [0x0000000085000000, 0x0000000096c80000, 0x00000000d7000000)
  object space 291328K, 99% used [0x0000000085000000,0x0000000096c08138,0x0000000096c80000)
 Metaspace       used 17342K, capacity 17672K, committed 17792K, reserved 1064960K
  class space    used 2006K, capacity 2100K, committed 2176K, reserved 1048576K
GC Heap History (10 events):
Event: 18,540 GC heap after
Heap after GC invocations=14 (full 2):
 PSYoungGen      total 119808K, used 83008K [0x00000000d7000000, 0x00000000e5e00000, 0x0000000100000000)
  eden space 20992K, 0% used [0x00000000d7000000,0x00000000d7000000,0x00000000d8480000)
  from space 98816K, 84% used [0x00000000ded00000,0x00000000e3e10010,0x00000000e4d80000)
  to   space 107008K, 0% used [0x00000000d8480000,0x00000000d8480000,0x00000000ded00000)
 ParOldGen       total 291328K, used 235390K [0x0000000085000000, 0x0000000096c80000, 0x00000000d7000000)
  object space 291328K, 80% used [0x0000000085000000,0x00000000935dfbb8,0x0000000096c80000)
 Metaspace       used 17342K, capacity 17672K, committed 17792K, reserved 1064960K
  class space    used 2006K, capacity 2100K, committed 2176K, reserved 1048576K
}
Event: 19,400 GC heap before
{Heap before GC invocations=15 (full 2):
 PSYoungGen      total 119808K, used 104000K [0x00000000d7000000, 0x00000000e5e00000, 0x0000000100000000)
  eden space 20992K, 100% used [0x00000000d7000000,0x00000000d8480000,0x00000000d8480000)
  from space 98816K, 84% used [0x00000000ded00000,0x00000000e3e10010,0x00000000e4d80000)
  to   space 107008K, 0% used [0x00000000d8480000,0x00000000d8480000,0x00000000ded00000)
 ParOldGen       total 291328K, used 235390K [0x0000000085000000, 0x0000000096c80000, 0x00000000d7000000)
  object space 291328K, 80% used [0x0000000085000000,0x00000000935dfbb8,0x0000000096c80000)
 Metaspace       used 17342K, capacity 17672K, committed 17792K, reserved 1064960K
  class space    used 2006K, capacity 2100K, committed 2176K, reserved 1048576K
Event: 19,456 GC heap after
Heap after GC invocations=15 (full 2):
 PSYoungGen      total 128000K, used 100128K [0x00000000d7000000, 0x00000000e7300000, 0x0000000100000000)
  eden space 20992K, 0% used [0x00000000d7000000,0x00000000d7000000,0x00000000d8480000)
  from space 107008K, 93% used [0x00000000d8480000,0x00000000de648010,0x00000000ded00000)
  to   space 119296K, 0% used [0x00000000dfe80000,0x00000000dfe80000,0x00000000e7300000)
 ParOldGen       total 291328K, used 235390K [0x0000000085000000, 0x0000000096c80000, 0x00000000d7000000)
  object space 291328K, 80% used [0x0000000085000000,0x00000000935dfbb8,0x0000000096c80000)
 Metaspace       used 17342K, capacity 17672K, committed 17792K, reserved 1064960K
  class space    used 2006K, capacity 2100K, committed 2176K, reserved 1048576K
}
Event: 20,291 GC heap before
{Heap before GC invocations=16 (full 2):
 PSYoungGen      total 128000K, used 121120K [0x00000000d7000000, 0x00000000e7300000, 0x0000000100000000)
  eden space 20992K, 100% used [0x00000000d7000000,0x00000000d8480000,0x00000000d8480000)
  from space 107008K, 93% used [0x00000000d8480000,0x00000000de648010,0x00000000ded00000)
  to   space 119296K, 0% used [0x00000000dfe80000,0x00000000dfe80000,0x00000000e7300000)
 ParOldGen       total 291328K, used 235390K [0x0000000085000000, 0x0000000096c80000, 0x00000000d7000000)
  object space 291328K, 80% used [0x0000000085000000,0x00000000935dfbb8,0x0000000096c80000)
 Metaspace       used 17342K, capacity 17672K, committed 17792K, reserved 1064960K
  class space    used 2006K, capacity 2100K, committed 2176K, reserved 1048576K
Event: 20,361 GC heap after
Heap after GC invocations=16 (full 2):
 PSYoungGen      total 129536K, used 117184K [0x00000000d7000000, 0x00000000e9380000, 0x0000000100000000)
  eden space 10240K, 0% used [0x00000000d7000000,0x00000000d7000000,0x00000000d7a00000)
  from space 119296K, 98% used [0x00000000dfe80000,0x00000000e70f0010,0x00000000e7300000)
  to   space 135680K, 0% used [0x00000000d7a00000,0x00000000d7a00000,0x00000000dfe80000)
 ParOldGen       total 291328K, used 235390K [0x0000000085000000, 0x0000000096c80000, 0x00000000d7000000)
  object space 291328K, 80% used [0x0000000085000000,0x00000000935dfbb8,0x0000000096c80000)
 Metaspace       used 17342K, capacity 17672K, committed 17792K, reserved 1064960K
  class space    used 2006K, capacity 2100K, committed 2176K, reserved 1048576K
}
Event: 20,872 GC heap before
{Heap before GC invocations=17 (full 2):
 PSYoungGen      total 129536K, used 127424K [0x00000000d7000000, 0x00000000e9380000, 0x0000000100000000)
  eden space 10240K, 100% used [0x00000000d7000000,0x00000000d7a00000,0x00000000d7a00000)
  from space 119296K, 98% used [0x00000000dfe80000,0x00000000e70f0010,0x00000000e7300000)
  to   space 135680K, 0% used [0x00000000d7a00000,0x00000000d7a00000,0x00000000dfe80000)
 ParOldGen       total 291328K, used 235390K [0x0000000085000000, 0x0000000096c80000, 0x00000000d7000000)
  object space 291328K, 80% used [0x0000000085000000,0x00000000935dfbb8,0x0000000096c80000)
 Metaspace       used 17342K, capacity 17672K, committed 17792K, reserved 1064960K
  class space    used 2006K, capacity 2100K, committed 2176K, reserved 1048576K
Event: 20,939 GC heap after
Heap after GC invocations=17 (full 2):
 PSYoungGen      total 145920K, used 125504K [0x00000000d7000000, 0x00000000ea580000, 0x0000000100000000)
  eden space 10240K, 0% used [0x00000000d7000000,0x00000000d7000000,0x00000000d7a00000)
  from space 135680K, 92% used [0x00000000d7a00000,0x00000000df490010,0x00000000dfe80000)
  to   space 151552K, 0% used [0x00000000e1180000,0x00000000e1180000,0x00000000ea580000)
 ParOldGen       total 291328K, used 235390K [0x0000000085000000, 0x0000000096c80000, 0x00000000d7000000)
  object space 291328K, 80% used [0x0000000085000000,0x00000000935dfbb8,0x0000000096c80000)
 Metaspace       used 17342K, capacity 17672K, committed 17792K, reserved 1064960K
  class space    used 2006K, capacity 2100K, committed 2176K, reserved 1048576K
}
Event: 21,525 GC heap before
{Heap before GC invocations=18 (full 2):
 PSYoungGen      total 145920K, used 135744K [0x00000000d7000000, 0x00000000ea580000, 0x0000000100000000)
  eden space 10240K, 100% used [0x00000000d7000000,0x00000000d7a00000,0x00000000d7a00000)
  from space 135680K, 92% used [0x00000000d7a00000,0x00000000df490010,0x00000000dfe80000)
  to   space 151552K, 0% used [0x00000000e1180000,0x00000000e1180000,0x00000000ea580000)
 ParOldGen       total 291328K, used 235390K [0x0000000085000000, 0x0000000096c80000, 0x00000000d7000000)
  object space 291328K, 80% used [0x0000000085000000,0x00000000935dfbb8,0x0000000096c80000)
 Metaspace       used 17342K, capacity 17672K, committed 17792K, reserved 1064960K
  class space    used 2006K, capacity 2100K, committed 2176K, reserved 1048576K
Event: 21,672 GC heap after
Heap after GC invocations=18 (full 2):
 PSYoungGen      total 165376K, used 89216K [0x00000000d7000000, 0x00000000ea500000, 0x0000000100000000)
  eden space 14336K, 0% used [0x00000000d7000000,0x00000000d7000000,0x00000000d7e00000)
  from space 151040K, 59% used [0x00000000e1180000,0x00000000e68a0000,0x00000000ea500000)
  to   space 151040K, 0% used [0x00000000d7e00000,0x00000000d7e00000,0x00000000e1180000)
 ParOldGen       total 291328K, used 280390K [0x0000000085000000, 0x0000000096c80000, 0x00000000d7000000)
  object space 291328K, 96% used [0x0000000085000000,0x00000000961d1bc8,0x0000000096c80000)
 Metaspace       used 17342K, capacity 17672K, committed 17792K, reserved 1064960K
  class space    used 2006K, capacity 2100K, committed 2176K, reserved 1048576K
}
Event: 21,672 GC heap before
{Heap before GC invocations=19 (full 3):
 PSYoungGen      total 165376K, used 89216K [0x00000000d7000000, 0x00000000ea500000, 0x0000000100000000)
  eden space 14336K, 0% used [0x00000000d7000000,0x00000000d7000000,0x00000000d7e00000)
  from space 151040K, 59% used [0x00000000e1180000,0x00000000e68a0000,0x00000000ea500000)
  to   space 151040K, 0% used [0x00000000d7e00000,0x00000000d7e00000,0x00000000e1180000)
 ParOldGen       total 291328K, used 280390K [0x0000000085000000, 0x0000000096c80000, 0x00000000d7000000)
  object space 291328K, 96% used [0x0000000085000000,0x00000000961d1bc8,0x0000000096c80000)
 Metaspace       used 17342K, capacity 17672K, committed 17792K, reserved 1064960K
  class space    used 2006K, capacity 2100K, committed 2176K, reserved 1048576K

